#
# There is insufficient memory for the Java Runtime Environment to continue.
# Native memory allocation (malloc) failed to allocate 835536 bytes for Chunk::new
# Possible reasons:
#   The system is out of physical RAM or swap space
#   The process is running with CompressedOops enabled, and the Java Heap may be blocking the growth of the native heap
# Possible solutions:
#   Reduce memory load on the system
#   Increase physical memory or swap space
#   Check if swap backing store is full
#   Decrease Java heap size (-Xmx/-Xms)
#   Decrease number of Java threads
#   Decrease Java thread stack sizes (-Xss)
#   Set larger code cache with -XX:ReservedCodeCacheSize=
#   JVM is running with Unscaled Compressed Oops mode in which the Java heap is
#     placed in the first 4GB address space. The Java Heap base address is the
#     maximum limit for the native heap growth. Please use -XX:HeapBaseMinAddress
#     to set the Java Heap base and to place the Java Heap above 4GB virtual address.
# This output file may be truncated or incomplete.
#
#  Out of Memory Error (./src/hotspot/share/memory/arena.cpp:197), pid=16708, tid=22568
#
# JRE version: OpenJDK Runtime Environment (11.0.12+7) (build 11.0.12+7-b1504.28-7817840)
# Java VM: OpenJDK 64-Bit Server VM (11.0.12+7-b1504.28-7817840, mixed mode, tiered, compressed oops, g1 gc, windows-amd64)
# No core dump will be written. Minidumps are not enabled by default on client versions of Windows
#

---------------  S U M M A R Y ------------

Command Line: --add-opens=java.base/java.util=ALL-UNNAMED --add-opens=java.base/java.lang=ALL-UNNAMED --add-opens=java.base/java.lang.invoke=ALL-UNNAMED --add-opens=java.base/java.util=ALL-UNNAMED --add-opens=java.prefs/java.util.prefs=ALL-UNNAMED --add-opens=java.prefs/java.util.prefs=ALL-UNNAMED --add-opens=java.base/java.nio.charset=ALL-UNNAMED --add-opens=java.base/java.net=ALL-UNNAMED --add-opens=java.base/java.util.concurrent.atomic=ALL-UNNAMED -Xmx2048m -Dfile.encoding=UTF-8 -Duser.country=MY -Duser.language=en -Duser.variant org.gradle.launcher.daemon.bootstrap.GradleDaemon 7.3.3

Host: Intel(R) Core(TM) i3-7020U CPU @ 2.30GHz, 4 cores, 11G,  Windows 10 , 64 bit Build 19041 (10.0.19041.1682)
Time: Tue May 10 17:49:10 2022 Malay Peninsula Standard Time elapsed time: 36.003638 seconds (0d 0h 0m 36s)

---------------  T H R E A D  ---------------

Current thread (0x00000250194d2000):  JavaThread "C2 CompilerThread1" daemon [_thread_in_native, id=22568, stack(0x000000e119600000,0x000000e119700000)]


Current CompileTask:
C2:  36003 8859       4       sun.security.ssl.SSLAlgorithmConstraints::permits (96 bytes)

Stack: [0x000000e119600000,0x000000e119700000]
Native frames: (J=compiled Java code, j=interpreted, Vv=VM code, C=native code)
V  [jvm.dll+0x5fbcea]
V  [jvm.dll+0x731905]
V  [jvm.dll+0x732f1d]
V  [jvm.dll+0x7335d3]
V  [jvm.dll+0x247bf8]
V  [jvm.dll+0xc018c]
V  [jvm.dll+0xc06cc]
V  [jvm.dll+0x35b31d]
V  [jvm.dll+0x328803]
V  [jvm.dll+0x327cfa]
V  [jvm.dll+0x200602]
V  [jvm.dll+0x1ff794]
V  [jvm.dll+0x18868c]
V  [jvm.dll+0x20e0d7]
V  [jvm.dll+0x20c901]
V  [jvm.dll+0x6f9b7f]
V  [jvm.dll+0x6f26a5]
V  [jvm.dll+0x5fabf6]
C  [ucrtbase.dll+0x21bb2]
C  [KERNEL32.DLL+0x17034]
C  [ntdll.dll+0x52651]


---------------  P R O C E S S  ---------------

Threads class SMR info:
_java_thread_list=0x000002501c475100, length=78, elements={
0x000002507a48a000, 0x0000025016023000, 0x0000025016026800, 0x0000025016875800,
0x000002501687b000, 0x000002501687c000, 0x0000025016880000, 0x0000025016889800,
0x0000025016895000, 0x00000250169e5000, 0x0000025018f40800, 0x0000025016bed800,
0x000002501947e800, 0x0000025019471000, 0x0000025019471800, 0x000002501929c000,
0x00000250192eb800, 0x0000025018bfa800, 0x00000250192a1000, 0x0000025017651000,
0x000002501764c000, 0x000002501764b800, 0x0000025017652000, 0x000002501764d000,
0x000002501764f800, 0x0000025017650000, 0x000002501764e800, 0x000002501764d800,
0x000002501be90000, 0x000002501be95000, 0x000002501be94800, 0x000002501be96000,
0x000002501be97000, 0x000002501be91000, 0x000002501be97800, 0x000002501be98800,
0x000002501be99000, 0x000002501be93800, 0x000002501be9a000, 0x000002501be9b000,
0x000002501be9f000, 0x000002501be9b800, 0x000002501be9c800, 0x000002501be9e000,
0x000002501be9d800, 0x0000025018e68000, 0x0000025018e65800, 0x0000025018e66800,
0x0000025018e67800, 0x0000025018e62800, 0x0000025018e69000, 0x0000025018e63000,
0x0000025018e69800, 0x0000025018e64000, 0x0000025018e6a800, 0x0000025018e65000,
0x0000025018e6c000, 0x0000025018e70800, 0x0000025018e71000, 0x0000025018e6e800,
0x0000025018e6b800, 0x0000025018e6f800, 0x0000025018e6d000, 0x0000025018e6e000,
0x000002501ca22800, 0x000002501ca26000, 0x000002501ca21000, 0x000002501ca20000,
0x000002501ca24800, 0x000002501ca27800, 0x000002501ca26800, 0x000002501ca22000,
0x000002501ca25000, 0x000002501ca28800, 0x000002501ca29000, 0x000002501ca23800,
0x00000250194d2000, 0x000002501ca2f000
}

Java Threads: ( => current thread )
  0x000002507a48a000 JavaThread "main" [_thread_blocked, id=12188, stack(0x000000e113e00000,0x000000e113f00000)]
  0x0000025016023000 JavaThread "Reference Handler" daemon [_thread_blocked, id=24216, stack(0x000000e114500000,0x000000e114600000)]
  0x0000025016026800 JavaThread "Finalizer" daemon [_thread_blocked, id=32324, stack(0x000000e114600000,0x000000e114700000)]
  0x0000025016875800 JavaThread "Signal Dispatcher" daemon [_thread_blocked, id=18172, stack(0x000000e114700000,0x000000e114800000)]
  0x000002501687b000 JavaThread "Attach Listener" daemon [_thread_blocked, id=21132, stack(0x000000e114800000,0x000000e114900000)]
  0x000002501687c000 JavaThread "Service Thread" daemon [_thread_blocked, id=23900, stack(0x000000e114900000,0x000000e114a00000)]
  0x0000025016880000 JavaThread "C2 CompilerThread0" daemon [_thread_in_native, id=30596, stack(0x000000e114a00000,0x000000e114b00000)]
  0x0000025016889800 JavaThread "C1 CompilerThread0" daemon [_thread_blocked, id=38296, stack(0x000000e114b00000,0x000000e114c00000)]
  0x0000025016895000 JavaThread "Sweeper thread" daemon [_thread_blocked, id=9708, stack(0x000000e114c00000,0x000000e114d00000)]
  0x00000250169e5000 JavaThread "Common-Cleaner" daemon [_thread_blocked, id=36992, stack(0x000000e114d00000,0x000000e114e00000)]
  0x0000025018f40800 JavaThread "Daemon health stats" [_thread_blocked, id=41992, stack(0x000000e115300000,0x000000e115400000)]
  0x0000025016bed800 JavaThread "Incoming local TCP Connector on port 56876" [_thread_in_native, id=20192, stack(0x000000e114f00000,0x000000e115000000)]
  0x000002501947e800 JavaThread "Daemon periodic checks" [_thread_blocked, id=22076, stack(0x000000e115400000,0x000000e115500000)]
  0x0000025019471000 JavaThread "Daemon" [_thread_blocked, id=22348, stack(0x000000e115500000,0x000000e115600000)]
  0x0000025019471800 JavaThread "Handler for socket connection from /127.0.0.1:56876 to /127.0.0.1:56877" [_thread_in_native, id=45668, stack(0x000000e115600000,0x000000e115700000)]
  0x000002501929c000 JavaThread "Cancel handler" [_thread_blocked, id=22204, stack(0x000000e115700000,0x000000e115800000)]
  0x00000250192eb800 JavaThread "Daemon worker" [_thread_blocked, id=30800, stack(0x000000e115800000,0x000000e115900000)]
  0x0000025018bfa800 JavaThread "Asynchronous log dispatcher for DefaultDaemonConnection: socket connection from /127.0.0.1:56876 to /127.0.0.1:56877" [_thread_in_native, id=10036, stack(0x000000e115900000,0x000000e115a00000)]
  0x00000250192a1000 JavaThread "Stdin handler" [_thread_blocked, id=36348, stack(0x000000e115a00000,0x000000e115b00000)]
  0x0000025017651000 JavaThread "Daemon client event forwarder" [_thread_blocked, id=2164, stack(0x000000e115b00000,0x000000e115c00000)]
  0x000002501764c000 JavaThread "Cache worker for journal cache (C:\Users\Aiman Haikal\.gradle\caches\journal-1)" [_thread_blocked, id=38628, stack(0x000000e115d00000,0x000000e115e00000)]
  0x000002501764b800 JavaThread "File lock request listener" [_thread_in_native, id=21792, stack(0x000000e115e00000,0x000000e115f00000)]
  0x0000025017652000 JavaThread "Cache worker for file hash cache (C:\Users\Aiman Haikal\.gradle\caches\7.3.3\fileHashes)" [_thread_blocked, id=46096, stack(0x000000e115f00000,0x000000e116000000)]
  0x000002501764d000 JavaThread "Cache worker for file hash cache (C:\Users\Aiman Haikal\AndroidStudioProjects\ZenPCEnterprise\.gradle\7.3.3\fileHashes)" [_thread_blocked, id=4448, stack(0x000000e116000000,0x000000e116100000)]
  0x000002501764f800 JavaThread "File watcher server" daemon [_thread_in_native, id=8932, stack(0x000000e116100000,0x000000e116200000)]
  0x0000025017650000 JavaThread "File watcher consumer" daemon [_thread_blocked, id=37776, stack(0x000000e116200000,0x000000e116300000)]
  0x000002501764e800 JavaThread "jar transforms" [_thread_blocked, id=9568, stack(0x000000e116300000,0x000000e116400000)]
  0x000002501764d800 JavaThread "jar transforms Thread 2" [_thread_blocked, id=4156, stack(0x000000e116400000,0x000000e116500000)]
  0x000002501be90000 JavaThread "jar transforms Thread 3" [_thread_blocked, id=40392, stack(0x000000e116500000,0x000000e116600000)]
  0x000002501be95000 JavaThread "jar transforms Thread 4" [_thread_blocked, id=20332, stack(0x000000e116600000,0x000000e116700000)]
  0x000002501be94800 JavaThread "Cache worker for checksums cache (C:\Users\Aiman Haikal\AndroidStudioProjects\ZenPCEnterprise\.gradle\7.3.3\checksums)" [_thread_blocked, id=14536, stack(0x000000e116700000,0x000000e116800000)]
  0x000002501be96000 JavaThread "Cache worker for cache directory md-supplier (C:\Users\Aiman Haikal\.gradle\caches\7.3.3\md-supplier)" [_thread_blocked, id=42728, stack(0x000000e116800000,0x000000e116900000)]
  0x000002501be97000 JavaThread "Cache worker for cache directory md-rule (C:\Users\Aiman Haikal\.gradle\caches\7.3.3\md-rule)" [_thread_blocked, id=16284, stack(0x000000e116900000,0x000000e116a00000)]
  0x000002501be91000 JavaThread "Cache worker for execution history cache (C:\Users\Aiman Haikal\.gradle\caches\7.3.3\executionHistory)" [_thread_blocked, id=34308, stack(0x000000e116a00000,0x000000e116b00000)]
  0x000002501be97800 JavaThread "Cache worker for file content cache (C:\Users\Aiman Haikal\.gradle\caches\7.3.3\fileContent)" [_thread_blocked, id=44904, stack(0x000000e116b00000,0x000000e116c00000)]
  0x000002501be98800 JavaThread "Cache worker for dependencies-accessors (C:\Users\Aiman Haikal\AndroidStudioProjects\ZenPCEnterprise\.gradle\7.3.3\dependencies-accessors)" [_thread_blocked, id=24308, stack(0x000000e116c00000,0x000000e116d00000)]
  0x000002501be99000 JavaThread "Cache worker for Build Output Cleanup Cache (C:\Users\Aiman Haikal\AndroidStudioProjects\ZenPCEnterprise\.gradle\buildOutputCleanup)" [_thread_blocked, id=20320, stack(0x000000e116d00000,0x000000e116e00000)]
  0x000002501be93800 JavaThread "Unconstrained build operations" [_thread_in_Java, id=43532, stack(0x000000e116f00000,0x000000e117000000)]
  0x000002501be9a000 JavaThread "Unconstrained build operations Thread 2" [_thread_blocked, id=11604, stack(0x000000e117000000,0x000000e117100000)]
  0x000002501be9b000 JavaThread "Unconstrained build operations Thread 3" [_thread_blocked, id=27072, stack(0x000000e117100000,0x000000e117200000)]
  0x000002501be9f000 JavaThread "Unconstrained build operations Thread 4" [_thread_blocked, id=21472, stack(0x000000e117200000,0x000000e117300000)]
  0x000002501be9b800 JavaThread "Unconstrained build operations Thread 5" [_thread_blocked, id=11052, stack(0x000000e117300000,0x000000e117400000)]
  0x000002501be9c800 JavaThread "Unconstrained build operations Thread 6" [_thread_blocked, id=27972, stack(0x000000e117400000,0x000000e117500000)]
  0x000002501be9e000 JavaThread "Unconstrained build operations Thread 7" [_thread_blocked, id=18056, stack(0x000000e117500000,0x000000e117600000)]
  0x000002501be9d800 JavaThread "Unconstrained build operations Thread 8" [_thread_blocked, id=23148, stack(0x000000e117600000,0x000000e117700000)]
  0x0000025018e68000 JavaThread "Unconstrained build operations Thread 9" [_thread_blocked, id=36260, stack(0x000000e117700000,0x000000e117800000)]
  0x0000025018e65800 JavaThread "Unconstrained build operations Thread 10" [_thread_blocked, id=2724, stack(0x000000e117800000,0x000000e117900000)]
  0x0000025018e66800 JavaThread "Unconstrained build operations Thread 11" [_thread_blocked, id=6440, stack(0x000000e117900000,0x000000e117a00000)]
  0x0000025018e67800 JavaThread "Unconstrained build operations Thread 12" [_thread_blocked, id=28820, stack(0x000000e117a00000,0x000000e117b00000)]
  0x0000025018e62800 JavaThread "Unconstrained build operations Thread 13" [_thread_blocked, id=15644, stack(0x000000e117b00000,0x000000e117c00000)]
  0x0000025018e69000 JavaThread "Unconstrained build operations Thread 14" [_thread_blocked, id=24928, stack(0x000000e117c00000,0x000000e117d00000)]
  0x0000025018e63000 JavaThread "Unconstrained build operations Thread 15" [_thread_blocked, id=44048, stack(0x000000e117d00000,0x000000e117e00000)]
  0x0000025018e69800 JavaThread "Unconstrained build operations Thread 16" [_thread_blocked, id=43092, stack(0x000000e117e00000,0x000000e117f00000)]
  0x0000025018e64000 JavaThread "Unconstrained build operations Thread 17" [_thread_blocked, id=3736, stack(0x000000e117f00000,0x000000e118000000)]
  0x0000025018e6a800 JavaThread "Unconstrained build operations Thread 18" [_thread_in_Java, id=28576, stack(0x000000e118000000,0x000000e118100000)]
  0x0000025018e65000 JavaThread "Unconstrained build operations Thread 19" [_thread_blocked, id=31016, stack(0x000000e118100000,0x000000e118200000)]
  0x0000025018e6c000 JavaThread "Unconstrained build operations Thread 20" [_thread_blocked, id=4324, stack(0x000000e118200000,0x000000e118300000)]
  0x0000025018e70800 JavaThread "Unconstrained build operations Thread 21" [_thread_blocked, id=33676, stack(0x000000e118300000,0x000000e118400000)]
  0x0000025018e71000 JavaThread "Unconstrained build operations Thread 22" [_thread_blocked, id=17944, stack(0x000000e118400000,0x000000e118500000)]
  0x0000025018e6e800 JavaThread "Unconstrained build operations Thread 23" [_thread_blocked, id=19048, stack(0x000000e118500000,0x000000e118600000)]
  0x0000025018e6b800 JavaThread "Unconstrained build operations Thread 24" [_thread_blocked, id=46604, stack(0x000000e118600000,0x000000e118700000)]
  0x0000025018e6f800 JavaThread "Unconstrained build operations Thread 25" [_thread_in_native, id=44588, stack(0x000000e118700000,0x000000e118800000)]
  0x0000025018e6d000 JavaThread "Unconstrained build operations Thread 26" [_thread_blocked, id=26012, stack(0x000000e115c00000,0x000000e115d00000)]
  0x0000025018e6e000 JavaThread "Unconstrained build operations Thread 27" [_thread_blocked, id=19112, stack(0x000000e118800000,0x000000e118900000)]
  0x000002501ca22800 JavaThread "Unconstrained build operations Thread 28" [_thread_blocked, id=22532, stack(0x000000e118900000,0x000000e118a00000)]
  0x000002501ca26000 JavaThread "Unconstrained build operations Thread 29" [_thread_blocked, id=25888, stack(0x000000e118a00000,0x000000e118b00000)]
  0x000002501ca21000 JavaThread "Unconstrained build operations Thread 30" [_thread_blocked, id=1428, stack(0x000000e118b00000,0x000000e118c00000)]
  0x000002501ca20000 JavaThread "Unconstrained build operations Thread 31" [_thread_blocked, id=31816, stack(0x000000e118c00000,0x000000e118d00000)]
  0x000002501ca24800 JavaThread "Unconstrained build operations Thread 32" [_thread_blocked, id=29996, stack(0x000000e118d00000,0x000000e118e00000)]
  0x000002501ca27800 JavaThread "Unconstrained build operations Thread 33" [_thread_blocked, id=15576, stack(0x000000e118e00000,0x000000e118f00000)]
  0x000002501ca26800 JavaThread "Unconstrained build operations Thread 34" [_thread_blocked, id=40572, stack(0x000000e113c00000,0x000000e113d00000)]
  0x000002501ca22000 JavaThread "Unconstrained build operations Thread 35" [_thread_blocked, id=28904, stack(0x000000e118f00000,0x000000e119000000)]
  0x000002501ca25000 JavaThread "Unconstrained build operations Thread 36" [_thread_blocked, id=16216, stack(0x000000e119000000,0x000000e119100000)]
  0x000002501ca28800 JavaThread "Unconstrained build operations Thread 37" [_thread_blocked, id=21652, stack(0x000000e119100000,0x000000e119200000)]
  0x000002501ca29000 JavaThread "Unconstrained build operations Thread 38" [_thread_blocked, id=12688, stack(0x000000e119200000,0x000000e119300000)]
  0x000002501ca23800 JavaThread "Unconstrained build operations Thread 39" [_thread_blocked, id=25416, stack(0x000000e119300000,0x000000e119400000)]
=>0x00000250194d2000 JavaThread "C2 CompilerThread1" daemon [_thread_in_native, id=22568, stack(0x000000e119600000,0x000000e119700000)]
  0x000002501ca2f000 JavaThread "Unconstrained build operations Thread 40" [_thread_blocked, id=25012, stack(0x000000e119700000,0x000000e119800000)]

Other Threads:
  0x000002501600e000 VMThread "VM Thread" [stack: 0x000000e114400000,0x000000e114500000] [id=10168]
  0x0000025016a0b800 WatcherThread [stack: 0x000000e114e00000,0x000000e114f00000] [id=42656]
  0x000002507a4a3000 GCTaskThread "GC Thread#0" [stack: 0x000000e113f00000,0x000000e114000000] [id=20672]
  0x00000250170f5000 GCTaskThread "GC Thread#1" [stack: 0x000000e115000000,0x000000e115100000] [id=37036]
  0x0000025016bc1000 GCTaskThread "GC Thread#2" [stack: 0x000000e115100000,0x000000e115200000] [id=7252]
  0x0000025016bc1800 GCTaskThread "GC Thread#3" [stack: 0x000000e115200000,0x000000e115300000] [id=25356]
  0x000002507a4d5000 ConcurrentGCThread "G1 Main Marker" [stack: 0x000000e114000000,0x000000e114100000] [id=23488]
  0x000002507a4d6000 ConcurrentGCThread "G1 Conc#0" [stack: 0x000000e114100000,0x000000e114200000] [id=7128]
  0x000002507a56d800 ConcurrentGCThread "G1 Refine#0" [stack: 0x000000e114200000,0x000000e114300000] [id=42500]
  0x000002507a56e800 ConcurrentGCThread "G1 Young RemSet Sampling" [stack: 0x000000e114300000,0x000000e114400000] [id=39820]

Threads with active compile tasks:
C2 CompilerThread0  36053 8913       4       java.lang.reflect.AccessibleObject::checkCanSetAccessible (386 bytes)
C2 CompilerThread1  36053 8859       4       sun.security.ssl.SSLAlgorithmConstraints::permits (96 bytes)

VM state:not at safepoint (normal execution)

VM Mutex/Monitor currently owned by a thread: None

Heap address: 0x0000000080000000, size: 2048 MB, Compressed Oops mode: 32-bit
Narrow klass base: 0x0000000000000000, Narrow klass shift: 3
Compressed class space size: 1073741824 Address: 0x0000000100000000

Heap:
 garbage-first heap   total 236544K, used 111396K [0x0000000080000000, 0x0000000100000000)
  region size 1024K, 51 young (52224K), 6 survivors (6144K)
 Metaspace       used 67137K, capacity 69000K, committed 69220K, reserved 1110016K
  class space    used 8470K, capacity 9076K, committed 9164K, reserved 1048576K
Heap Regions: E=young(eden), S=young(survivor), O=old, HS=humongous(starts), HC=humongous(continues), CS=collection set, F=free, A=archive, TAMS=top-at-mark-start (previous, next)
|   0|0x0000000080000000, 0x0000000080100000, 0x0000000080100000|100%|HS|  |TAMS 0x0000000080100000, 0x0000000080000000| Complete 
|   1|0x0000000080100000, 0x0000000080200000, 0x0000000080200000|100%|HC|  |TAMS 0x0000000080200000, 0x0000000080100000| Complete 
|   2|0x0000000080200000, 0x0000000080300000, 0x0000000080300000|100%|HC|  |TAMS 0x0000000080300000, 0x0000000080200000| Complete 
|   3|0x0000000080300000, 0x0000000080400000, 0x0000000080400000|100%| O|  |TAMS 0x0000000080400000, 0x0000000080300000| Untracked 
|   4|0x0000000080400000, 0x0000000080500000, 0x0000000080500000|100%| O|  |TAMS 0x0000000080500000, 0x0000000080400000| Untracked 
|   5|0x0000000080500000, 0x0000000080600000, 0x0000000080600000|100%| O|  |TAMS 0x0000000080600000, 0x0000000080500000| Untracked 
|   6|0x0000000080600000, 0x0000000080700000, 0x0000000080700000|100%| O|  |TAMS 0x0000000080700000, 0x0000000080600000| Untracked 
|   7|0x0000000080700000, 0x0000000080800000, 0x0000000080800000|100%| O|  |TAMS 0x0000000080800000, 0x0000000080700000| Untracked 
|   8|0x0000000080800000, 0x0000000080900000, 0x0000000080900000|100%| O|  |TAMS 0x0000000080900000, 0x0000000080800000| Untracked 
|   9|0x0000000080900000, 0x0000000080a00000, 0x0000000080a00000|100%| O|  |TAMS 0x0000000080a00000, 0x0000000080900000| Untracked 
|  10|0x0000000080a00000, 0x0000000080b00000, 0x0000000080b00000|100%| O|  |TAMS 0x0000000080b00000, 0x0000000080a00000| Untracked 
|  11|0x0000000080b00000, 0x0000000080c00000, 0x0000000080c00000|100%| O|  |TAMS 0x0000000080c00000, 0x0000000080b00000| Untracked 
|  12|0x0000000080c00000, 0x0000000080d00000, 0x0000000080d00000|100%| O|  |TAMS 0x0000000080d00000, 0x0000000080c00000| Untracked 
|  13|0x0000000080d00000, 0x0000000080e00000, 0x0000000080e00000|100%| O|  |TAMS 0x0000000080e00000, 0x0000000080d00000| Untracked 
|  14|0x0000000080e00000, 0x0000000080f00000, 0x0000000080f00000|100%| O|  |TAMS 0x0000000080f00000, 0x0000000080e00000| Untracked 
|  15|0x0000000080f00000, 0x0000000081000000, 0x0000000081000000|100%| O|  |TAMS 0x0000000081000000, 0x0000000080f00000| Untracked 
|  16|0x0000000081000000, 0x0000000081100000, 0x0000000081100000|100%|HS|  |TAMS 0x0000000081100000, 0x0000000081000000| Complete 
|  17|0x0000000081100000, 0x0000000081200000, 0x0000000081200000|100%|HC|  |TAMS 0x0000000081200000, 0x0000000081100000| Complete 
|  18|0x0000000081200000, 0x0000000081300000, 0x0000000081300000|100%|HS|  |TAMS 0x0000000081300000, 0x0000000081200000| Complete 
|  19|0x0000000081300000, 0x0000000081400000, 0x0000000081400000|100%|HC|  |TAMS 0x0000000081400000, 0x0000000081300000| Complete 
|  20|0x0000000081400000, 0x0000000081500000, 0x0000000081500000|100%|HC|  |TAMS 0x0000000081500000, 0x0000000081400000| Complete 
|  21|0x0000000081500000, 0x0000000081600000, 0x0000000081600000|100%|HS|  |TAMS 0x0000000081600000, 0x0000000081500000| Complete 
|  22|0x0000000081600000, 0x0000000081700000, 0x0000000081700000|100%|HS|  |TAMS 0x0000000081700000, 0x0000000081600000| Complete 
|  23|0x0000000081700000, 0x0000000081800000, 0x0000000081800000|100%|HC|  |TAMS 0x0000000081800000, 0x0000000081700000| Complete 
|  24|0x0000000081800000, 0x0000000081900000, 0x0000000081900000|100%|HC|  |TAMS 0x0000000081900000, 0x0000000081800000| Complete 
|  25|0x0000000081900000, 0x0000000081a00000, 0x0000000081a00000|100%|HC|  |TAMS 0x0000000081a00000, 0x0000000081900000| Complete 
|  26|0x0000000081a00000, 0x0000000081b00000, 0x0000000081b00000|100%| O|  |TAMS 0x0000000081b00000, 0x0000000081a00000| Untracked 
|  27|0x0000000081b00000, 0x0000000081c00000, 0x0000000081c00000|100%| O|  |TAMS 0x0000000081c00000, 0x0000000081b00000| Untracked 
|  28|0x0000000081c00000, 0x0000000081d00000, 0x0000000081d00000|100%| O|  |TAMS 0x0000000081d00000, 0x0000000081c00000| Untracked 
|  29|0x0000000081d00000, 0x0000000081e00000, 0x0000000081e00000|100%| O|  |TAMS 0x0000000081e00000, 0x0000000081d00000| Untracked 
|  30|0x0000000081e00000, 0x0000000081f00000, 0x0000000081f00000|100%| O|  |TAMS 0x0000000081f00000, 0x0000000081e00000| Untracked 
|  31|0x0000000081f00000, 0x0000000082000000, 0x0000000082000000|100%| O|  |TAMS 0x0000000082000000, 0x0000000081f00000| Untracked 
|  32|0x0000000082000000, 0x0000000082100000, 0x0000000082100000|100%| O|  |TAMS 0x0000000082100000, 0x0000000082000000| Untracked 
|  33|0x0000000082100000, 0x0000000082200000, 0x0000000082200000|100%| O|  |TAMS 0x0000000082200000, 0x0000000082100000| Untracked 
|  34|0x0000000082200000, 0x0000000082300000, 0x0000000082300000|100%| O|  |TAMS 0x0000000082300000, 0x0000000082200000| Untracked 
|  35|0x0000000082300000, 0x0000000082400000, 0x0000000082400000|100%|HS|  |TAMS 0x0000000082400000, 0x0000000082300000| Complete 
|  36|0x0000000082400000, 0x0000000082500000, 0x0000000082500000|100%| O|  |TAMS 0x0000000082500000, 0x0000000082400000| Untracked 
|  37|0x0000000082500000, 0x0000000082600000, 0x0000000082600000|100%| O|  |TAMS 0x0000000082600000, 0x0000000082500000| Untracked 
|  38|0x0000000082600000, 0x0000000082700000, 0x0000000082700000|100%| O|  |TAMS 0x0000000082700000, 0x0000000082600000| Untracked 
|  39|0x0000000082700000, 0x0000000082800000, 0x0000000082800000|100%| O|  |TAMS 0x0000000082800000, 0x0000000082700000| Untracked 
|  40|0x0000000082800000, 0x0000000082900000, 0x0000000082900000|100%| O|  |TAMS 0x0000000082900000, 0x0000000082800000| Untracked 
|  41|0x0000000082900000, 0x0000000082a00000, 0x0000000082a00000|100%| O|  |TAMS 0x0000000082a00000, 0x0000000082900000| Untracked 
|  42|0x0000000082a00000, 0x0000000082b00000, 0x0000000082b00000|100%| O|  |TAMS 0x0000000082b00000, 0x0000000082a00000| Untracked 
|  43|0x0000000082b00000, 0x0000000082c00000, 0x0000000082c00000|100%| O|  |TAMS 0x0000000082c00000, 0x0000000082b00000| Untracked 
|  44|0x0000000082c00000, 0x0000000082d00000, 0x0000000082d00000|100%| O|  |TAMS 0x0000000082d00000, 0x0000000082c00000| Untracked 
|  45|0x0000000082d00000, 0x0000000082e00000, 0x0000000082e00000|100%|HS|  |TAMS 0x0000000082e00000, 0x0000000082d00000| Complete 
|  46|0x0000000082e00000, 0x0000000082f00000, 0x0000000082f00000|100%|HC|  |TAMS 0x0000000082f00000, 0x0000000082e00000| Complete 
|  47|0x0000000082f00000, 0x0000000083000000, 0x0000000083000000|100%|HC|  |TAMS 0x0000000083000000, 0x0000000082f00000| Complete 
|  48|0x0000000083000000, 0x0000000083100000, 0x0000000083100000|100%|HS|  |TAMS 0x0000000083100000, 0x0000000083000000| Complete 
|  49|0x0000000083100000, 0x0000000083200000, 0x0000000083200000|100%|HC|  |TAMS 0x0000000083200000, 0x0000000083100000| Complete 
|  50|0x0000000083200000, 0x0000000083300000, 0x0000000083300000|100%|HC|  |TAMS 0x0000000083300000, 0x0000000083200000| Complete 
|  51|0x0000000083300000, 0x0000000083400000, 0x0000000083400000|100%|HC|  |TAMS 0x0000000083400000, 0x0000000083300000| Complete 
|  52|0x0000000083400000, 0x0000000083500000, 0x0000000083500000|100%| O|  |TAMS 0x0000000083500000, 0x0000000083400000| Untracked 
|  53|0x0000000083500000, 0x0000000083600000, 0x0000000083600000|100%| O|  |TAMS 0x0000000083600000, 0x0000000083500000| Untracked 
|  54|0x0000000083600000, 0x0000000083700000, 0x0000000083700000|100%| O|  |TAMS 0x0000000083700000, 0x0000000083600000| Untracked 
|  55|0x0000000083700000, 0x0000000083800000, 0x0000000083800000|100%| O|  |TAMS 0x0000000083800000, 0x0000000083700000| Untracked 
|  56|0x0000000083800000, 0x0000000083900000, 0x0000000083900000|100%| O|  |TAMS 0x0000000083900000, 0x0000000083800000| Untracked 
|  57|0x0000000083900000, 0x0000000083a00000, 0x0000000083a00000|100%| O|  |TAMS 0x0000000083a00000, 0x0000000083900000| Untracked 
|  58|0x0000000083a00000, 0x0000000083b00000, 0x0000000083b00000|100%| O|  |TAMS 0x0000000083b00000, 0x0000000083a00000| Untracked 
|  59|0x0000000083b00000, 0x0000000083bdc000, 0x0000000083c00000| 85%| O|  |TAMS 0x0000000083bdc000, 0x0000000083b00000| Untracked 
|  60|0x0000000083c00000, 0x0000000083c00000, 0x0000000083d00000|  0%| F|  |TAMS 0x0000000083c00000, 0x0000000083c00000| Untracked 
|  61|0x0000000083d00000, 0x0000000083d00000, 0x0000000083e00000|  0%| F|  |TAMS 0x0000000083d00000, 0x0000000083d00000| Untracked 
|  62|0x0000000083e00000, 0x0000000083e00000, 0x0000000083f00000|  0%| F|  |TAMS 0x0000000083e00000, 0x0000000083e00000| Untracked 
|  63|0x0000000083f00000, 0x0000000083f00000, 0x0000000084000000|  0%| F|  |TAMS 0x0000000083f00000, 0x0000000083f00000| Untracked 
|  64|0x0000000084000000, 0x0000000084000000, 0x0000000084100000|  0%| F|  |TAMS 0x0000000084000000, 0x0000000084000000| Untracked 
|  65|0x0000000084100000, 0x0000000084100000, 0x0000000084200000|  0%| F|  |TAMS 0x0000000084100000, 0x0000000084100000| Untracked 
|  66|0x0000000084200000, 0x0000000084200000, 0x0000000084300000|  0%| F|  |TAMS 0x0000000084200000, 0x0000000084200000| Untracked 
|  67|0x0000000084300000, 0x0000000084300000, 0x0000000084400000|  0%| F|  |TAMS 0x0000000084300000, 0x0000000084300000| Untracked 
|  68|0x0000000084400000, 0x0000000084400000, 0x0000000084500000|  0%| F|  |TAMS 0x0000000084400000, 0x0000000084400000| Untracked 
|  69|0x0000000084500000, 0x0000000084500000, 0x0000000084600000|  0%| F|  |TAMS 0x0000000084500000, 0x0000000084500000| Untracked 
|  70|0x0000000084600000, 0x0000000084600000, 0x0000000084700000|  0%| F|  |TAMS 0x0000000084600000, 0x0000000084600000| Untracked 
|  71|0x0000000084700000, 0x0000000084700000, 0x0000000084800000|  0%| F|  |TAMS 0x0000000084700000, 0x0000000084700000| Untracked 
|  72|0x0000000084800000, 0x0000000084800000, 0x0000000084900000|  0%| F|  |TAMS 0x0000000084800000, 0x0000000084800000| Untracked 
|  73|0x0000000084900000, 0x0000000084900000, 0x0000000084a00000|  0%| F|  |TAMS 0x0000000084900000, 0x0000000084900000| Untracked 
|  74|0x0000000084a00000, 0x0000000084a00000, 0x0000000084b00000|  0%| F|  |TAMS 0x0000000084a00000, 0x0000000084a00000| Untracked 
|  75|0x0000000084b00000, 0x0000000084b00000, 0x0000000084c00000|  0%| F|  |TAMS 0x0000000084b00000, 0x0000000084b00000| Untracked 
|  76|0x0000000084c00000, 0x0000000084c00000, 0x0000000084d00000|  0%| F|  |TAMS 0x0000000084c00000, 0x0000000084c00000| Untracked 
|  77|0x0000000084d00000, 0x0000000084d00000, 0x0000000084e00000|  0%| F|  |TAMS 0x0000000084d00000, 0x0000000084d00000| Untracked 
|  78|0x0000000084e00000, 0x0000000084e00000, 0x0000000084f00000|  0%| F|  |TAMS 0x0000000084e00000, 0x0000000084e00000| Untracked 
|  79|0x0000000084f00000, 0x0000000084f00000, 0x0000000085000000|  0%| F|  |TAMS 0x0000000084f00000, 0x0000000084f00000| Untracked 
|  80|0x0000000085000000, 0x0000000085000000, 0x0000000085100000|  0%| F|  |TAMS 0x0000000085000000, 0x0000000085000000| Untracked 
|  81|0x0000000085100000, 0x0000000085100000, 0x0000000085200000|  0%| F|  |TAMS 0x0000000085100000, 0x0000000085100000| Untracked 
|  82|0x0000000085200000, 0x0000000085200000, 0x0000000085300000|  0%| F|  |TAMS 0x0000000085200000, 0x0000000085200000| Untracked 
|  83|0x0000000085300000, 0x0000000085300000, 0x0000000085400000|  0%| F|  |TAMS 0x0000000085300000, 0x0000000085300000| Untracked 
|  84|0x0000000085400000, 0x0000000085400000, 0x0000000085500000|  0%| F|  |TAMS 0x0000000085400000, 0x0000000085400000| Untracked 
|  85|0x0000000085500000, 0x0000000085500000, 0x0000000085600000|  0%| F|  |TAMS 0x0000000085500000, 0x0000000085500000| Untracked 
|  86|0x0000000085600000, 0x0000000085600000, 0x0000000085700000|  0%| F|  |TAMS 0x0000000085600000, 0x0000000085600000| Untracked 
|  87|0x0000000085700000, 0x0000000085700000, 0x0000000085800000|  0%| F|  |TAMS 0x0000000085700000, 0x0000000085700000| Untracked 
|  88|0x0000000085800000, 0x0000000085800000, 0x0000000085900000|  0%| F|  |TAMS 0x0000000085800000, 0x0000000085800000| Untracked 
|  89|0x0000000085900000, 0x0000000085900000, 0x0000000085a00000|  0%| F|  |TAMS 0x0000000085900000, 0x0000000085900000| Untracked 
|  90|0x0000000085a00000, 0x0000000085a00000, 0x0000000085b00000|  0%| F|  |TAMS 0x0000000085a00000, 0x0000000085a00000| Untracked 
|  91|0x0000000085b00000, 0x0000000085b00000, 0x0000000085c00000|  0%| F|  |TAMS 0x0000000085b00000, 0x0000000085b00000| Untracked 
|  92|0x0000000085c00000, 0x0000000085c00000, 0x0000000085d00000|  0%| F|  |TAMS 0x0000000085c00000, 0x0000000085c00000| Untracked 
|  93|0x0000000085d00000, 0x0000000085d00000, 0x0000000085e00000|  0%| F|  |TAMS 0x0000000085d00000, 0x0000000085d00000| Untracked 
|  94|0x0000000085e00000, 0x0000000085e00000, 0x0000000085f00000|  0%| F|  |TAMS 0x0000000085e00000, 0x0000000085e00000| Untracked 
|  95|0x0000000085f00000, 0x0000000085f00000, 0x0000000086000000|  0%| F|  |TAMS 0x0000000085f00000, 0x0000000085f00000| Untracked 
|  96|0x0000000086000000, 0x0000000086000000, 0x0000000086100000|  0%| F|  |TAMS 0x0000000086000000, 0x0000000086000000| Untracked 
|  97|0x0000000086100000, 0x0000000086100000, 0x0000000086200000|  0%| F|  |TAMS 0x0000000086100000, 0x0000000086100000| Untracked 
|  98|0x0000000086200000, 0x0000000086200000, 0x0000000086300000|  0%| F|  |TAMS 0x0000000086200000, 0x0000000086200000| Untracked 
|  99|0x0000000086300000, 0x0000000086300000, 0x0000000086400000|  0%| F|  |TAMS 0x0000000086300000, 0x0000000086300000| Untracked 
| 100|0x0000000086400000, 0x0000000086400000, 0x0000000086500000|  0%| F|  |TAMS 0x0000000086400000, 0x0000000086400000| Untracked 
| 101|0x0000000086500000, 0x0000000086500000, 0x0000000086600000|  0%| F|  |TAMS 0x0000000086500000, 0x0000000086500000| Untracked 
| 102|0x0000000086600000, 0x0000000086600000, 0x0000000086700000|  0%| F|  |TAMS 0x0000000086600000, 0x0000000086600000| Untracked 
| 103|0x0000000086700000, 0x0000000086700000, 0x0000000086800000|  0%| F|  |TAMS 0x0000000086700000, 0x0000000086700000| Untracked 
| 104|0x0000000086800000, 0x0000000086800000, 0x0000000086900000|  0%| F|  |TAMS 0x0000000086800000, 0x0000000086800000| Untracked 
| 105|0x0000000086900000, 0x0000000086900000, 0x0000000086a00000|  0%| F|  |TAMS 0x0000000086900000, 0x0000000086900000| Untracked 
| 106|0x0000000086a00000, 0x0000000086a00000, 0x0000000086b00000|  0%| F|  |TAMS 0x0000000086a00000, 0x0000000086a00000| Untracked 
| 107|0x0000000086b00000, 0x0000000086b00000, 0x0000000086c00000|  0%| F|  |TAMS 0x0000000086b00000, 0x0000000086b00000| Untracked 
| 108|0x0000000086c00000, 0x0000000086c00000, 0x0000000086d00000|  0%| F|  |TAMS 0x0000000086c00000, 0x0000000086c00000| Untracked 
| 109|0x0000000086d00000, 0x0000000086d00000, 0x0000000086e00000|  0%| F|  |TAMS 0x0000000086d00000, 0x0000000086d00000| Untracked 
| 110|0x0000000086e00000, 0x0000000086e00000, 0x0000000086f00000|  0%| F|  |TAMS 0x0000000086e00000, 0x0000000086e00000| Untracked 
| 111|0x0000000086f00000, 0x0000000086f00000, 0x0000000087000000|  0%| F|  |TAMS 0x0000000086f00000, 0x0000000086f00000| Untracked 
| 112|0x0000000087000000, 0x0000000087000000, 0x0000000087100000|  0%| F|  |TAMS 0x0000000087000000, 0x0000000087000000| Untracked 
| 113|0x0000000087100000, 0x0000000087100000, 0x0000000087200000|  0%| F|  |TAMS 0x0000000087100000, 0x0000000087100000| Untracked 
| 114|0x0000000087200000, 0x0000000087200000, 0x0000000087300000|  0%| F|  |TAMS 0x0000000087200000, 0x0000000087200000| Untracked 
| 115|0x0000000087300000, 0x0000000087300000, 0x0000000087400000|  0%| F|  |TAMS 0x0000000087300000, 0x0000000087300000| Untracked 
| 116|0x0000000087400000, 0x0000000087400000, 0x0000000087500000|  0%| F|  |TAMS 0x0000000087400000, 0x0000000087400000| Untracked 
| 117|0x0000000087500000, 0x0000000087500000, 0x0000000087600000|  0%| F|  |TAMS 0x0000000087500000, 0x0000000087500000| Untracked 
| 118|0x0000000087600000, 0x0000000087600000, 0x0000000087700000|  0%| F|  |TAMS 0x0000000087600000, 0x0000000087600000| Untracked 
| 119|0x0000000087700000, 0x0000000087700000, 0x0000000087800000|  0%| F|  |TAMS 0x0000000087700000, 0x0000000087700000| Untracked 
| 120|0x0000000087800000, 0x0000000087800000, 0x0000000087900000|  0%| F|  |TAMS 0x0000000087800000, 0x0000000087800000| Untracked 
| 121|0x0000000087900000, 0x0000000087900000, 0x0000000087a00000|  0%| F|  |TAMS 0x0000000087900000, 0x0000000087900000| Untracked 
| 122|0x0000000087a00000, 0x0000000087a00000, 0x0000000087b00000|  0%| F|  |TAMS 0x0000000087a00000, 0x0000000087a00000| Untracked 
| 123|0x0000000087b00000, 0x0000000087b00000, 0x0000000087c00000|  0%| F|  |TAMS 0x0000000087b00000, 0x0000000087b00000| Untracked 
| 124|0x0000000087c00000, 0x0000000087ced0d0, 0x0000000087d00000| 92%| S|CS|TAMS 0x0000000087c00000, 0x0000000087c00000| Complete 
| 125|0x0000000087d00000, 0x0000000087e00000, 0x0000000087e00000|100%| S|CS|TAMS 0x0000000087d00000, 0x0000000087d00000| Complete 
| 126|0x0000000087e00000, 0x0000000087f00000, 0x0000000087f00000|100%| S|CS|TAMS 0x0000000087e00000, 0x0000000087e00000| Complete 
| 127|0x0000000087f00000, 0x0000000088000000, 0x0000000088000000|100%| S|CS|TAMS 0x0000000087f00000, 0x0000000087f00000| Complete 
| 128|0x0000000088000000, 0x0000000088100000, 0x0000000088100000|100%| S|CS|TAMS 0x0000000088000000, 0x0000000088000000| Complete 
| 129|0x0000000088100000, 0x0000000088200000, 0x0000000088200000|100%| S|CS|TAMS 0x0000000088100000, 0x0000000088100000| Complete 
| 130|0x0000000088200000, 0x0000000088200000, 0x0000000088300000|  0%| F|  |TAMS 0x0000000088200000, 0x0000000088200000| Untracked 
| 131|0x0000000088300000, 0x0000000088300000, 0x0000000088400000|  0%| F|  |TAMS 0x0000000088300000, 0x0000000088300000| Untracked 
| 132|0x0000000088400000, 0x0000000088400000, 0x0000000088500000|  0%| F|  |TAMS 0x0000000088400000, 0x0000000088400000| Untracked 
| 133|0x0000000088500000, 0x0000000088500000, 0x0000000088600000|  0%| F|  |TAMS 0x0000000088500000, 0x0000000088500000| Untracked 
| 134|0x0000000088600000, 0x0000000088600000, 0x0000000088700000|  0%| F|  |TAMS 0x0000000088600000, 0x0000000088600000| Untracked 
| 135|0x0000000088700000, 0x0000000088700000, 0x0000000088800000|  0%| F|  |TAMS 0x0000000088700000, 0x0000000088700000| Untracked 
| 136|0x0000000088800000, 0x0000000088800000, 0x0000000088900000|  0%| F|  |TAMS 0x0000000088800000, 0x0000000088800000| Untracked 
| 137|0x0000000088900000, 0x0000000088900000, 0x0000000088a00000|  0%| F|  |TAMS 0x0000000088900000, 0x0000000088900000| Untracked 
| 138|0x0000000088a00000, 0x0000000088a00000, 0x0000000088b00000|  0%| F|  |TAMS 0x0000000088a00000, 0x0000000088a00000| Untracked 
| 139|0x0000000088b00000, 0x0000000088b00000, 0x0000000088c00000|  0%| F|  |TAMS 0x0000000088b00000, 0x0000000088b00000| Untracked 
| 140|0x0000000088c00000, 0x0000000088c00000, 0x0000000088d00000|  0%| F|  |TAMS 0x0000000088c00000, 0x0000000088c00000| Untracked 
| 141|0x0000000088d00000, 0x0000000088d00000, 0x0000000088e00000|  0%| F|  |TAMS 0x0000000088d00000, 0x0000000088d00000| Untracked 
| 142|0x0000000088e00000, 0x0000000088e00000, 0x0000000088f00000|  0%| F|  |TAMS 0x0000000088e00000, 0x0000000088e00000| Untracked 
| 143|0x0000000088f00000, 0x0000000088f00000, 0x0000000089000000|  0%| F|  |TAMS 0x0000000088f00000, 0x0000000088f00000| Untracked 
| 144|0x0000000089000000, 0x0000000089000000, 0x0000000089100000|  0%| F|  |TAMS 0x0000000089000000, 0x0000000089000000| Untracked 
| 145|0x0000000089100000, 0x0000000089100000, 0x0000000089200000|  0%| F|  |TAMS 0x0000000089100000, 0x0000000089100000| Untracked 
| 146|0x0000000089200000, 0x0000000089200000, 0x0000000089300000|  0%| F|  |TAMS 0x0000000089200000, 0x0000000089200000| Untracked 
| 147|0x0000000089300000, 0x0000000089300000, 0x0000000089400000|  0%| F|  |TAMS 0x0000000089300000, 0x0000000089300000| Untracked 
| 148|0x0000000089400000, 0x0000000089400000, 0x0000000089500000|  0%| F|  |TAMS 0x0000000089400000, 0x0000000089400000| Untracked 
| 149|0x0000000089500000, 0x0000000089500000, 0x0000000089600000|  0%| F|  |TAMS 0x0000000089500000, 0x0000000089500000| Untracked 
| 150|0x0000000089600000, 0x0000000089600000, 0x0000000089700000|  0%| F|  |TAMS 0x0000000089600000, 0x0000000089600000| Untracked 
| 151|0x0000000089700000, 0x0000000089700000, 0x0000000089800000|  0%| F|  |TAMS 0x0000000089700000, 0x0000000089700000| Untracked 
| 152|0x0000000089800000, 0x0000000089800000, 0x0000000089900000|  0%| F|  |TAMS 0x0000000089800000, 0x0000000089800000| Untracked 
| 153|0x0000000089900000, 0x0000000089900000, 0x0000000089a00000|  0%| F|  |TAMS 0x0000000089900000, 0x0000000089900000| Untracked 
| 154|0x0000000089a00000, 0x0000000089a00000, 0x0000000089b00000|  0%| F|  |TAMS 0x0000000089a00000, 0x0000000089a00000| Untracked 
| 155|0x0000000089b00000, 0x0000000089b00000, 0x0000000089c00000|  0%| F|  |TAMS 0x0000000089b00000, 0x0000000089b00000| Untracked 
| 156|0x0000000089c00000, 0x0000000089c00000, 0x0000000089d00000|  0%| F|  |TAMS 0x0000000089c00000, 0x0000000089c00000| Untracked 
| 157|0x0000000089d00000, 0x0000000089d00000, 0x0000000089e00000|  0%| F|  |TAMS 0x0000000089d00000, 0x0000000089d00000| Untracked 
| 158|0x0000000089e00000, 0x0000000089e00000, 0x0000000089f00000|  0%| F|  |TAMS 0x0000000089e00000, 0x0000000089e00000| Untracked 
| 159|0x0000000089f00000, 0x0000000089f00000, 0x000000008a000000|  0%| F|  |TAMS 0x0000000089f00000, 0x0000000089f00000| Untracked 
| 160|0x000000008a000000, 0x000000008a000000, 0x000000008a100000|  0%| F|  |TAMS 0x000000008a000000, 0x000000008a000000| Untracked 
| 161|0x000000008a100000, 0x000000008a100000, 0x000000008a200000|  0%| F|  |TAMS 0x000000008a100000, 0x000000008a100000| Untracked 
| 162|0x000000008a200000, 0x000000008a200000, 0x000000008a300000|  0%| F|  |TAMS 0x000000008a200000, 0x000000008a200000| Untracked 
| 163|0x000000008a300000, 0x000000008a300000, 0x000000008a400000|  0%| F|  |TAMS 0x000000008a300000, 0x000000008a300000| Untracked 
| 164|0x000000008a400000, 0x000000008a400000, 0x000000008a500000|  0%| F|  |TAMS 0x000000008a400000, 0x000000008a400000| Untracked 
| 165|0x000000008a500000, 0x000000008a500000, 0x000000008a600000|  0%| F|  |TAMS 0x000000008a500000, 0x000000008a500000| Untracked 
| 166|0x000000008a600000, 0x000000008a600000, 0x000000008a700000|  0%| F|  |TAMS 0x000000008a600000, 0x000000008a600000| Untracked 
| 167|0x000000008a700000, 0x000000008a700000, 0x000000008a800000|  0%| F|  |TAMS 0x000000008a700000, 0x000000008a700000| Untracked 
| 168|0x000000008a800000, 0x000000008a800000, 0x000000008a900000|  0%| F|  |TAMS 0x000000008a800000, 0x000000008a800000| Untracked 
| 169|0x000000008a900000, 0x000000008a900000, 0x000000008aa00000|  0%| F|  |TAMS 0x000000008a900000, 0x000000008a900000| Untracked 
| 170|0x000000008aa00000, 0x000000008aa00000, 0x000000008ab00000|  0%| F|  |TAMS 0x000000008aa00000, 0x000000008aa00000| Untracked 
| 171|0x000000008ab00000, 0x000000008ab00000, 0x000000008ac00000|  0%| F|  |TAMS 0x000000008ab00000, 0x000000008ab00000| Untracked 
| 172|0x000000008ac00000, 0x000000008ac00000, 0x000000008ad00000|  0%| F|  |TAMS 0x000000008ac00000, 0x000000008ac00000| Untracked 
| 173|0x000000008ad00000, 0x000000008ad00000, 0x000000008ae00000|  0%| F|  |TAMS 0x000000008ad00000, 0x000000008ad00000| Untracked 
| 174|0x000000008ae00000, 0x000000008ae00000, 0x000000008af00000|  0%| F|  |TAMS 0x000000008ae00000, 0x000000008ae00000| Untracked 
| 175|0x000000008af00000, 0x000000008af00000, 0x000000008b000000|  0%| F|  |TAMS 0x000000008af00000, 0x000000008af00000| Untracked 
| 176|0x000000008b000000, 0x000000008b000000, 0x000000008b100000|  0%| F|  |TAMS 0x000000008b000000, 0x000000008b000000| Untracked 
| 177|0x000000008b100000, 0x000000008b100000, 0x000000008b200000|  0%| F|  |TAMS 0x000000008b100000, 0x000000008b100000| Untracked 
| 178|0x000000008b200000, 0x000000008b200000, 0x000000008b300000|  0%| F|  |TAMS 0x000000008b200000, 0x000000008b200000| Untracked 
| 179|0x000000008b300000, 0x000000008b300000, 0x000000008b400000|  0%| F|  |TAMS 0x000000008b300000, 0x000000008b300000| Untracked 
| 180|0x000000008b400000, 0x000000008b400000, 0x000000008b500000|  0%| F|  |TAMS 0x000000008b400000, 0x000000008b400000| Untracked 
| 181|0x000000008b500000, 0x000000008b500000, 0x000000008b600000|  0%| F|  |TAMS 0x000000008b500000, 0x000000008b500000| Untracked 
| 182|0x000000008b600000, 0x000000008b600000, 0x000000008b700000|  0%| F|  |TAMS 0x000000008b600000, 0x000000008b600000| Untracked 
| 183|0x000000008b700000, 0x000000008b700000, 0x000000008b800000|  0%| F|  |TAMS 0x000000008b700000, 0x000000008b700000| Untracked 
| 184|0x000000008b800000, 0x000000008b800000, 0x000000008b900000|  0%| F|  |TAMS 0x000000008b800000, 0x000000008b800000| Untracked 
| 185|0x000000008b900000, 0x000000008b900000, 0x000000008ba00000|  0%| F|  |TAMS 0x000000008b900000, 0x000000008b900000| Untracked 
| 186|0x000000008ba00000, 0x000000008baf95d8, 0x000000008bb00000| 97%| E|  |TAMS 0x000000008ba00000, 0x000000008ba00000| Complete 
| 187|0x000000008bb00000, 0x000000008bc00000, 0x000000008bc00000|100%| E|CS|TAMS 0x000000008bb00000, 0x000000008bb00000| Complete 
| 188|0x000000008bc00000, 0x000000008bd00000, 0x000000008bd00000|100%| E|CS|TAMS 0x000000008bc00000, 0x000000008bc00000| Complete 
| 189|0x000000008bd00000, 0x000000008be00000, 0x000000008be00000|100%| E|CS|TAMS 0x000000008bd00000, 0x000000008bd00000| Complete 
| 190|0x000000008be00000, 0x000000008bf00000, 0x000000008bf00000|100%| E|CS|TAMS 0x000000008be00000, 0x000000008be00000| Complete 
| 191|0x000000008bf00000, 0x000000008c000000, 0x000000008c000000|100%| E|CS|TAMS 0x000000008bf00000, 0x000000008bf00000| Complete 
| 192|0x000000008c000000, 0x000000008c100000, 0x000000008c100000|100%| E|CS|TAMS 0x000000008c000000, 0x000000008c000000| Complete 
| 193|0x000000008c100000, 0x000000008c200000, 0x000000008c200000|100%| E|CS|TAMS 0x000000008c100000, 0x000000008c100000| Complete 
| 194|0x000000008c200000, 0x000000008c300000, 0x000000008c300000|100%| E|CS|TAMS 0x000000008c200000, 0x000000008c200000| Complete 
| 195|0x000000008c300000, 0x000000008c400000, 0x000000008c400000|100%| E|CS|TAMS 0x000000008c300000, 0x000000008c300000| Complete 
| 196|0x000000008c400000, 0x000000008c500000, 0x000000008c500000|100%| E|CS|TAMS 0x000000008c400000, 0x000000008c400000| Complete 
| 197|0x000000008c500000, 0x000000008c600000, 0x000000008c600000|100%| E|CS|TAMS 0x000000008c500000, 0x000000008c500000| Complete 
| 198|0x000000008c600000, 0x000000008c700000, 0x000000008c700000|100%| E|CS|TAMS 0x000000008c600000, 0x000000008c600000| Complete 
| 199|0x000000008c700000, 0x000000008c800000, 0x000000008c800000|100%| E|CS|TAMS 0x000000008c700000, 0x000000008c700000| Complete 
| 200|0x000000008c800000, 0x000000008c900000, 0x000000008c900000|100%| E|CS|TAMS 0x000000008c800000, 0x000000008c800000| Complete 
| 201|0x000000008c900000, 0x000000008ca00000, 0x000000008ca00000|100%| E|CS|TAMS 0x000000008c900000, 0x000000008c900000| Complete 
| 202|0x000000008ca00000, 0x000000008cb00000, 0x000000008cb00000|100%| E|CS|TAMS 0x000000008ca00000, 0x000000008ca00000| Complete 
| 203|0x000000008cb00000, 0x000000008cc00000, 0x000000008cc00000|100%| E|CS|TAMS 0x000000008cb00000, 0x000000008cb00000| Complete 
| 204|0x000000008cc00000, 0x000000008cd00000, 0x000000008cd00000|100%| E|CS|TAMS 0x000000008cc00000, 0x000000008cc00000| Complete 
| 205|0x000000008cd00000, 0x000000008ce00000, 0x000000008ce00000|100%| E|CS|TAMS 0x000000008cd00000, 0x000000008cd00000| Complete 
| 206|0x000000008ce00000, 0x000000008cf00000, 0x000000008cf00000|100%| E|CS|TAMS 0x000000008ce00000, 0x000000008ce00000| Complete 
| 207|0x000000008cf00000, 0x000000008d000000, 0x000000008d000000|100%| E|CS|TAMS 0x000000008cf00000, 0x000000008cf00000| Complete 
| 208|0x000000008d000000, 0x000000008d100000, 0x000000008d100000|100%| E|CS|TAMS 0x000000008d000000, 0x000000008d000000| Complete 
| 209|0x000000008d100000, 0x000000008d200000, 0x000000008d200000|100%| E|CS|TAMS 0x000000008d100000, 0x000000008d100000| Complete 
| 210|0x000000008d200000, 0x000000008d300000, 0x000000008d300000|100%| E|CS|TAMS 0x000000008d200000, 0x000000008d200000| Complete 
| 211|0x000000008d300000, 0x000000008d400000, 0x000000008d400000|100%| E|CS|TAMS 0x000000008d300000, 0x000000008d300000| Complete 
| 212|0x000000008d400000, 0x000000008d500000, 0x000000008d500000|100%| E|CS|TAMS 0x000000008d400000, 0x000000008d400000| Complete 
| 213|0x000000008d500000, 0x000000008d600000, 0x000000008d600000|100%| E|CS|TAMS 0x000000008d500000, 0x000000008d500000| Complete 
| 214|0x000000008d600000, 0x000000008d700000, 0x000000008d700000|100%| E|CS|TAMS 0x000000008d600000, 0x000000008d600000| Complete 
| 215|0x000000008d700000, 0x000000008d800000, 0x000000008d800000|100%| E|CS|TAMS 0x000000008d700000, 0x000000008d700000| Complete 
| 216|0x000000008d800000, 0x000000008d900000, 0x000000008d900000|100%| E|CS|TAMS 0x000000008d800000, 0x000000008d800000| Complete 
| 217|0x000000008d900000, 0x000000008da00000, 0x000000008da00000|100%| E|  |TAMS 0x000000008d900000, 0x000000008d900000| Complete 
| 218|0x000000008da00000, 0x000000008db00000, 0x000000008db00000|100%| E|CS|TAMS 0x000000008da00000, 0x000000008da00000| Complete 
| 219|0x000000008db00000, 0x000000008dc00000, 0x000000008dc00000|100%| E|CS|TAMS 0x000000008db00000, 0x000000008db00000| Complete 
| 220|0x000000008dc00000, 0x000000008dd00000, 0x000000008dd00000|100%| E|CS|TAMS 0x000000008dc00000, 0x000000008dc00000| Complete 
| 221|0x000000008dd00000, 0x000000008de00000, 0x000000008de00000|100%| E|CS|TAMS 0x000000008dd00000, 0x000000008dd00000| Complete 
| 222|0x000000008de00000, 0x000000008df00000, 0x000000008df00000|100%| E|CS|TAMS 0x000000008de00000, 0x000000008de00000| Complete 
| 223|0x000000008df00000, 0x000000008e000000, 0x000000008e000000|100%| E|CS|TAMS 0x000000008df00000, 0x000000008df00000| Complete 
| 224|0x000000008e000000, 0x000000008e100000, 0x000000008e100000|100%| E|CS|TAMS 0x000000008e000000, 0x000000008e000000| Complete 
| 225|0x000000008e100000, 0x000000008e200000, 0x000000008e200000|100%| E|CS|TAMS 0x000000008e100000, 0x000000008e100000| Complete 
| 226|0x000000008e200000, 0x000000008e300000, 0x000000008e300000|100%| E|CS|TAMS 0x000000008e200000, 0x000000008e200000| Complete 
| 227|0x000000008e300000, 0x000000008e400000, 0x000000008e400000|100%| E|CS|TAMS 0x000000008e300000, 0x000000008e300000| Complete 
| 228|0x000000008e400000, 0x000000008e500000, 0x000000008e500000|100%| E|CS|TAMS 0x000000008e400000, 0x000000008e400000| Complete 
| 229|0x000000008e500000, 0x000000008e600000, 0x000000008e600000|100%| E|CS|TAMS 0x000000008e500000, 0x000000008e500000| Complete 
| 230|0x000000008e600000, 0x000000008e700000, 0x000000008e700000|100%| E|CS|TAMS 0x000000008e600000, 0x000000008e600000| Complete 

Card table byte_map: [0x000002500f400000,0x000002500f800000] _byte_map_base: 0x000002500f000000

Marking Bits (Prev, Next): (CMBitMap*) 0x000002507a4cc0b8, (CMBitMap*) 0x000002507a4cc0f0
 Prev Bits: [0x000002500fc00000, 0x0000025011c00000)
 Next Bits: [0x0000025011c00000, 0x0000025013c00000)

Polling page: 0x000002507a270000

Metaspace:

Usage:
  Non-class:     58.52 MB capacity,    57.29 MB ( 98%) used,     1.05 MB (  2%) free+waste,   182.94 KB ( <1%) overhead. 
      Class:      8.86 MB capacity,     8.27 MB ( 93%) used,   519.40 KB (  6%) free+waste,    86.19 KB ( <1%) overhead. 
       Both:     67.38 MB capacity,    65.56 MB ( 97%) used,     1.56 MB (  2%) free+waste,   269.13 KB ( <1%) overhead. 

Virtual space:
  Non-class space:       60.00 MB reserved,      58.65 MB ( 98%) committed 
      Class space:        1.00 GB reserved,       8.95 MB ( <1%) committed 
             Both:        1.06 GB reserved,      67.60 MB (  6%) committed 

Chunk freelists:
   Non-Class:  4.00 KB
       Class:  0 bytes
        Both:  4.00 KB

MaxMetaspaceSize: 17179869184.00 GB
CompressedClassSpaceSize: 1.00 GB
Initial GC threshold: 20.80 MB
Current GC threshold: 111.00 MB
CDS: off

CodeHeap 'non-profiled nmethods': size=120064Kb used=5222Kb max_used=5222Kb free=114841Kb
 bounds [0x0000025007ac0000, 0x0000025007fe0000, 0x000002500f000000]
CodeHeap 'profiled nmethods': size=120000Kb used=18759Kb max_used=18759Kb free=101240Kb
 bounds [0x0000025000590000, 0x00000250017f0000, 0x0000025007ac0000]
CodeHeap 'non-nmethods': size=5696Kb used=2357Kb max_used=2387Kb free=3338Kb
 bounds [0x0000025000000000, 0x0000025000270000, 0x0000025000590000]
 total_blobs=9687 nmethods=8820 adapters=779
 compilation: enabled
              stopped_count=0, restarted_count=0
 full_count=0

Compilation events (20 events):
Event: 35.963 Thread 0x0000025016889800 8904       3       sun.security.ssl.Record::getInt16 (26 bytes)
Event: 35.964 Thread 0x0000025016889800 nmethod 8904 0x00000250017dab10 code [0x00000250017dad00, 0x00000250017db1a8]
Event: 35.972 Thread 0x0000025016889800 8905       3       java.math.BigDecimal::checkScale (77 bytes)
Event: 35.972 Thread 0x0000025016889800 nmethod 8905 0x00000250017db310 code [0x00000250017db4e0, 0x00000250017db8a8]
Event: 35.972 Thread 0x0000025016889800 8906       3       org.gradle.internal.logging.progress.DefaultProgressLoggerFactory$ProgressLoggerImpl::progress (7 bytes)
Event: 35.974 Thread 0x0000025016889800 nmethod 8906 0x00000250017db990 code [0x00000250017dbba0, 0x00000250017dc1b8]
Event: 35.974 Thread 0x0000025016889800 8907       3       org.gradle.internal.logging.progress.DefaultProgressLoggerFactory$ProgressLoggerImpl::progress (31 bytes)
Event: 35.975 Thread 0x0000025016889800 nmethod 8907 0x00000250017dc410 code [0x00000250017dc620, 0x00000250017dcbb8]
Event: 35.975 Thread 0x0000025016889800 8908       3       org.gradle.internal.logging.events.ProgressEvent::<init> (20 bytes)
Event: 35.975 Thread 0x0000025016889800 nmethod 8908 0x00000250017dce10 code [0x00000250017dcfe0, 0x00000250017dd258]
Event: 35.975 Thread 0x0000025016889800 8909       3       org.gradle.internal.logging.services.ProgressLoggingBridge::progress (11 bytes)
Event: 35.975 Thread 0x0000025016889800 nmethod 8909 0x00000250017dd390 code [0x00000250017dd540, 0x00000250017dd708]
Event: 35.980 Thread 0x0000025016889800 8910       3       org.gradle.internal.operations.DefaultBuildOperationExecutor$ListenerAdapter::progress (55 bytes)
Event: 35.982 Thread 0x0000025016889800 nmethod 8910 0x00000250017dd810 code [0x00000250017ddaa0, 0x00000250017de5d8]
Event: 35.995 Thread 0x0000025016889800 8911       3       java.math.BigDecimal::compareMagnitudeNormalized (62 bytes)
Event: 35.995 Thread 0x0000025016889800 nmethod 8911 0x00000250017deb10 code [0x00000250017ded00, 0x00000250017defc8]
Event: 35.996 Thread 0x0000025016880000 nmethod 8897 0x0000025007fd8610 code [0x0000025007fd87a0, 0x0000025007fd8fd8]
Event: 35.996 Thread 0x0000025016880000 8912       4       com.sun.crypto.provider.GHASH::update (37 bytes)
Event: 36.000 Thread 0x0000025016880000 nmethod 8912 0x0000025007fd9290 code [0x0000025007fd9440, 0x0000025007fd9638]
Event: 36.000 Thread 0x0000025016880000 8913       4       java.lang.reflect.AccessibleObject::checkCanSetAccessible (386 bytes)

GC Heap History (20 events):
Event: 7.746 GC heap before
{Heap before GC invocations=7 (full 0):
 garbage-first heap   total 196608K, used 99301K [0x0000000080000000, 0x0000000100000000)
  region size 1024K, 74 young (75776K), 4 survivors (4096K)
 Metaspace       used 34874K, capacity 35778K, committed 35840K, reserved 1081344K
  class space    used 4643K, capacity 4987K, committed 4992K, reserved 1048576K
}
Event: 7.766 GC heap after
{Heap after GC invocations=8 (full 0):
 garbage-first heap   total 196608K, used 35606K [0x0000000080000000, 0x0000000100000000)
  region size 1024K, 10 young (10240K), 10 survivors (10240K)
 Metaspace       used 34874K, capacity 35778K, committed 35840K, reserved 1081344K
  class space    used 4643K, capacity 4987K, committed 4992K, reserved 1048576K
}
Event: 9.460 GC heap before
{Heap before GC invocations=9 (full 0):
 garbage-first heap   total 196608K, used 127766K [0x0000000080000000, 0x0000000100000000)
  region size 1024K, 98 young (100352K), 10 survivors (10240K)
 Metaspace       used 45218K, capacity 46406K, committed 46592K, reserved 1089536K
  class space    used 5917K, capacity 6330K, committed 6400K, reserved 1048576K
}
Event: 9.487 GC heap after
{Heap after GC invocations=10 (full 0):
 garbage-first heap   total 196608K, used 42102K [0x0000000080000000, 0x0000000100000000)
  region size 1024K, 13 young (13312K), 13 survivors (13312K)
 Metaspace       used 45218K, capacity 46406K, committed 46592K, reserved 1089536K
  class space    used 5917K, capacity 6330K, committed 6400K, reserved 1048576K
}
Event: 10.791 GC heap before
{Heap before GC invocations=10 (full 0):
 garbage-first heap   total 196608K, used 139382K [0x0000000080000000, 0x0000000100000000)
  region size 1024K, 108 young (110592K), 13 survivors (13312K)
 Metaspace       used 47093K, capacity 48273K, committed 48384K, reserved 1091584K
  class space    used 6144K, capacity 6590K, committed 6656K, reserved 1048576K
}
Event: 10.815 GC heap after
{Heap after GC invocations=11 (full 0):
 garbage-first heap   total 196608K, used 44386K [0x0000000080000000, 0x0000000100000000)
  region size 1024K, 9 young (9216K), 9 survivors (9216K)
 Metaspace       used 47093K, capacity 48273K, committed 48384K, reserved 1091584K
  class space    used 6144K, capacity 6590K, committed 6656K, reserved 1048576K
}
Event: 12.546 GC heap before
{Heap before GC invocations=11 (full 0):
 garbage-first heap   total 196608K, used 147810K [0x0000000080000000, 0x0000000100000000)
  region size 1024K, 109 young (111616K), 9 survivors (9216K)
 Metaspace       used 49643K, capacity 50913K, committed 50944K, reserved 1093632K
  class space    used 6426K, capacity 6908K, committed 6912K, reserved 1048576K
}
Event: 12.568 GC heap after
{Heap after GC invocations=12 (full 0):
 garbage-first heap   total 236544K, used 48432K [0x0000000080000000, 0x0000000100000000)
  region size 1024K, 6 young (6144K), 6 survivors (6144K)
 Metaspace       used 49643K, capacity 50913K, committed 50944K, reserved 1093632K
  class space    used 6426K, capacity 6908K, committed 6912K, reserved 1048576K
}
Event: 13.070 GC heap before
{Heap before GC invocations=12 (full 0):
 garbage-first heap   total 236544K, used 164144K [0x0000000080000000, 0x0000000100000000)
  region size 1024K, 116 young (118784K), 6 survivors (6144K)
 Metaspace       used 49663K, capacity 50978K, committed 51200K, reserved 1093632K
  class space    used 6426K, capacity 6908K, committed 6912K, reserved 1048576K
}
Event: 13.080 GC heap after
{Heap after GC invocations=13 (full 0):
 garbage-first heap   total 236544K, used 50480K [0x0000000080000000, 0x0000000100000000)
  region size 1024K, 6 young (6144K), 6 survivors (6144K)
 Metaspace       used 49663K, capacity 50978K, committed 51200K, reserved 1093632K
  class space    used 6426K, capacity 6908K, committed 6912K, reserved 1048576K
}
Event: 13.449 GC heap before
{Heap before GC invocations=13 (full 0):
 garbage-first heap   total 236544K, used 172336K [0x0000000080000000, 0x0000000100000000)
  region size 1024K, 125 young (128000K), 6 survivors (6144K)
 Metaspace       used 49663K, capacity 50978K, committed 51200K, reserved 1093632K
  class space    used 6426K, capacity 6908K, committed 6912K, reserved 1048576K
}
Event: 13.464 GC heap after
{Heap after GC invocations=14 (full 0):
 garbage-first heap   total 236544K, used 52336K [0x0000000080000000, 0x0000000100000000)
  region size 1024K, 8 young (8192K), 8 survivors (8192K)
 Metaspace       used 49663K, capacity 50978K, committed 51200K, reserved 1093632K
  class space    used 6426K, capacity 6908K, committed 6912K, reserved 1048576K
}
Event: 13.971 GC heap before
{Heap before GC invocations=14 (full 0):
 garbage-first heap   total 236544K, used 183408K [0x0000000080000000, 0x0000000100000000)
  region size 1024K, 132 young (135168K), 8 survivors (8192K)
 Metaspace       used 49694K, capacity 51010K, committed 51328K, reserved 1093632K
  class space    used 6428K, capacity 6940K, committed 7040K, reserved 1048576K
}
Event: 13.982 GC heap after
{Heap after GC invocations=15 (full 0):
 garbage-first heap   total 236544K, used 51136K [0x0000000080000000, 0x0000000100000000)
  region size 1024K, 6 young (6144K), 6 survivors (6144K)
 Metaspace       used 49694K, capacity 51010K, committed 51328K, reserved 1093632K
  class space    used 6428K, capacity 6940K, committed 7040K, reserved 1048576K
}
Event: 15.994 GC heap before
{Heap before GC invocations=15 (full 0):
 garbage-first heap   total 236544K, used 190400K [0x0000000080000000, 0x0000000100000000)
  region size 1024K, 138 young (141312K), 6 survivors (6144K)
 Metaspace       used 55875K, capacity 57544K, committed 57728K, reserved 1099776K
  class space    used 7244K, capacity 7772K, committed 7808K, reserved 1048576K
}
Event: 16.014 GC heap after
{Heap after GC invocations=16 (full 0):
 garbage-first heap   total 236544K, used 61744K [0x0000000080000000, 0x0000000100000000)
  region size 1024K, 12 young (12288K), 12 survivors (12288K)
 Metaspace       used 55875K, capacity 57544K, committed 57728K, reserved 1099776K
  class space    used 7244K, capacity 7772K, committed 7808K, reserved 1048576K
}
Event: 16.380 GC heap before
{Heap before GC invocations=16 (full 0):
 garbage-first heap   total 236544K, used 77104K [0x0000000080000000, 0x0000000100000000)
  region size 1024K, 28 young (28672K), 12 survivors (12288K)
 Metaspace       used 58314K, capacity 60069K, committed 60160K, reserved 1101824K
  class space    used 7517K, capacity 8117K, committed 8192K, reserved 1048576K
}
Event: 16.404 GC heap after
{Heap after GC invocations=17 (full 0):
 garbage-first heap   total 236544K, used 62941K [0x0000000080000000, 0x0000000100000000)
  region size 1024K, 11 young (11264K), 11 survivors (11264K)
 Metaspace       used 58314K, capacity 60069K, committed 60160K, reserved 1101824K
  class space    used 7517K, capacity 8117K, committed 8192K, reserved 1048576K
}
Event: 24.293 GC heap before
{Heap before GC invocations=18 (full 0):
 garbage-first heap   total 236544K, used 155101K [0x0000000080000000, 0x0000000100000000)
  region size 1024K, 101 young (103424K), 11 survivors (11264K)
 Metaspace       used 66058K, capacity 67932K, committed 68196K, reserved 1107968K
  class space    used 8429K, capacity 9048K, committed 9164K, reserved 1048576K
}
Event: 24.319 GC heap after
{Heap after GC invocations=19 (full 0):
 garbage-first heap   total 236544K, used 67364K [0x0000000080000000, 0x0000000100000000)
  region size 1024K, 6 young (6144K), 6 survivors (6144K)
 Metaspace       used 66058K, capacity 67932K, committed 68196K, reserved 1107968K
  class space    used 8429K, capacity 9048K, committed 9164K, reserved 1048576K
}

Deoptimization events (20 events):
Event: 33.592 Thread 0x00000250192eb800 Uncommon trap: trap_request=0xffffff4d fr.pc=0x0000025007f70c14 relative=0x00000000000010d4
Event: 33.592 Thread 0x00000250192eb800 Uncommon trap: reason=unstable_if action=reinterpret pc=0x0000025007f70c14 method=com.sun.org.apache.xerces.internal.impl.XMLEntityScanner.peekChar()I @ 51 c2
Event: 33.592 Thread 0x00000250192eb800 DEOPT PACKING pc=0x0000025007f70c14 sp=0x000000e1158f6950
Event: 33.592 Thread 0x00000250192eb800 DEOPT UNPACKING pc=0x000002500004a1af sp=0x000000e1158f68e0 mode 2
Event: 33.592 Thread 0x00000250192eb800 Uncommon trap: trap_request=0xffffff4d fr.pc=0x0000025007f284dc relative=0x000000000000009c
Event: 33.592 Thread 0x00000250192eb800 Uncommon trap: reason=unstable_if action=reinterpret pc=0x0000025007f284dc method=com.sun.org.apache.xerces.internal.impl.XMLEntityScanner.scanContent(Lcom/sun/org/apache/xerces/internal/xni/XMLString;)I @ 127 c2
Event: 33.592 Thread 0x00000250192eb800 DEOPT PACKING pc=0x0000025007f284dc sp=0x000000e1158f6900
Event: 33.592 Thread 0x00000250192eb800 DEOPT UNPACKING pc=0x000002500004a1af sp=0x000000e1158f68b0 mode 2
Event: 33.592 Thread 0x00000250192eb800 Uncommon trap: trap_request=0xffffff4d fr.pc=0x0000025007efd0d4 relative=0x00000000000000b4
Event: 33.592 Thread 0x00000250192eb800 Uncommon trap: reason=unstable_if action=reinterpret pc=0x0000025007efd0d4 method=com.sun.org.apache.xerces.internal.impl.XMLEntityScanner.peekChar()I @ 51 c2
Event: 33.592 Thread 0x00000250192eb800 DEOPT PACKING pc=0x0000025007efd0d4 sp=0x000000e1158f6940
Event: 33.592 Thread 0x00000250192eb800 DEOPT UNPACKING pc=0x000002500004a1af sp=0x000000e1158f68d0 mode 2
Event: 35.746 Thread 0x00000250192eb800 Uncommon trap: trap_request=0xffffffc6 fr.pc=0x0000025007d84490 relative=0x0000000000000330
Event: 35.746 Thread 0x00000250192eb800 Uncommon trap: reason=bimorphic_or_optimized_type_check action=maybe_recompile pc=0x0000025007d84490 method=java.util.Spliterators$ArraySpliterator.forEachRemaining(Ljava/util/function/Consumer;)V @ 53 c2
Event: 35.746 Thread 0x00000250192eb800 DEOPT PACKING pc=0x0000025007d84490 sp=0x000000e1158f7ca0
Event: 35.746 Thread 0x00000250192eb800 DEOPT UNPACKING pc=0x000002500004a1af sp=0x000000e1158f7c40 mode 2
Event: 35.803 Thread 0x00000250192eb800 DEOPT PACKING pc=0x000002500121c977 sp=0x000000e1158f7f50
Event: 35.803 Thread 0x00000250192eb800 DEOPT UNPACKING pc=0x000002500004a95e sp=0x000000e1158f7450 mode 0
Event: 35.933 Thread 0x000002501be93800 DEOPT PACKING pc=0x0000025001336e2c sp=0x000000e116ffbea0
Event: 35.933 Thread 0x000002501be93800 DEOPT UNPACKING pc=0x000002500004a95e sp=0x000000e116ffb350 mode 0

Classes redefined (0 events):
No events

Internal exceptions (20 events):
Event: 15.889 Thread 0x00000250192eb800 Exception <a 'java/lang/ClassNotFoundException'{0x00000000869c7fe0}: org/gradle/plugin/use/internal/PluginRequestCollector$PluginDependenciesSpecImplCustomizer> (0x00000000869c7fe0) thrown at [./src/hotspot/share/classfile/systemDictionary.cpp, line 231]
Event: 15.896 Thread 0x00000250192eb800 Exception <a 'java/lang/ClassNotFoundException'{0x0000000086828bf8}: org/gradle/plugin/use/internal/PluginRequestCollector$PluginDependencySpecImplBeanInfo> (0x0000000086828bf8) thrown at [./src/hotspot/share/classfile/systemDictionary.cpp, line 231]
Event: 15.897 Thread 0x00000250192eb800 Exception <a 'java/lang/ClassNotFoundException'{0x0000000086855028}: org/gradle/plugin/use/internal/PluginRequestCollector$PluginDependencySpecImplCustomizer> (0x0000000086855028) thrown at [./src/hotspot/share/classfile/systemDictionary.cpp, line 231]
Event: 16.078 Thread 0x00000250192eb800 Implicit null exception at 0x0000025007b11574 to 0x0000025007b11a5c
Event: 16.215 Thread 0x00000250192eb800 Exception <a 'sun/nio/fs/WindowsException'{0x000000008dd7df78}> (0x000000008dd7df78) thrown at [./src/hotspot/share/prims/jni.cpp, line 615]
Event: 18.553 Thread 0x00000250192eb800 Exception <a 'java/lang/NoSuchMethodError'{0x000000008ba9dc70}: 'java.lang.Object java.lang.invoke.DirectMethodHandle$Holder.invokeSpecial(java.lang.Object, java.lang.Object, int, int, java.lang.Object, java.lang.Object, java.lang.Object)'> (0x000000008ba9dc70) thrown at [./src/hotspot/share/interpreter/linkResolver.cpp, line 773]
Event: 18.554 Thread 0x00000250192eb800 Exception <a 'java/lang/NoSuchMethodError'{0x000000008baa2498}: 'java.lang.Object java.lang.invoke.DelegatingMethodHandle$Holder.reinvoke_L(java.lang.Object, int, int, java.lang.Object, java.lang.Object, java.lang.Object)'> (0x000000008baa2498) thrown at [./src/hotspot/share/interpreter/linkResolver.cpp, line 773]
Event: 18.555 Thread 0x00000250192eb800 Exception <a 'java/lang/NoSuchMethodError'{0x000000008baa7460}: 'java.lang.Object java.lang.invoke.DirectMethodHandle$Holder.invokeStatic(java.lang.Object, java.lang.Object, java.lang.Object, java.lang.Object, int)'> (0x000000008baa7460) thrown at [./src/hotspot/share/interpreter/linkResolver.cpp, line 773]
Event: 18.759 Thread 0x00000250192eb800 Exception <a 'java/lang/NoSuchMethodError'{0x000000008b3833c0}: 'void java.lang.invoke.DirectMethodHandle$Holder.invokeStatic(java.lang.Object, java.lang.Object, java.lang.Object, int, java.lang.Object)'> (0x000000008b3833c0) thrown at [./src/hotspot/share/interpreter/linkResolver.cpp, line 773]
Event: 30.294 Thread 0x00000250192eb800 Exception <a 'java/net/SocketTimeoutException'{0x000000008d389608}: Read timed out> (0x000000008d389608) thrown at [./src/hotspot/share/prims/jni.cpp, line 636]
Event: 30.325 Thread 0x00000250192eb800 Exception <a 'java/net/SocketTimeoutException'{0x000000008d3928a8}: Read timed out> (0x000000008d3928a8) thrown at [./src/hotspot/share/prims/jni.cpp, line 636]
Event: 30.621 Thread 0x00000250192eb800 Exception <a 'java/net/SocketTimeoutException'{0x000000008d3a3870}: Read timed out> (0x000000008d3a3870) thrown at [./src/hotspot/share/prims/jni.cpp, line 636]
Event: 31.604 Thread 0x000002501ca26800 Exception <a 'java/net/SocketTimeoutException'{0x000000008cc40728}: Read timed out> (0x000000008cc40728) thrown at [./src/hotspot/share/prims/jni.cpp, line 636]
Event: 31.619 Thread 0x000002501ca28800 Exception <a 'java/net/SocketTimeoutException'{0x000000008cc5cbc8}: Read timed out> (0x000000008cc5cbc8) thrown at [./src/hotspot/share/prims/jni.cpp, line 636]
Event: 31.650 Thread 0x000002501ca26800 Exception <a 'java/net/SocketTimeoutException'{0x000000008cc486f0}: Read timed out> (0x000000008cc486f0) thrown at [./src/hotspot/share/prims/jni.cpp, line 636]
Event: 31.650 Thread 0x000002501ca28800 Exception <a 'java/net/SocketTimeoutException'{0x000000008cc64ad0}: Read timed out> (0x000000008cc64ad0) thrown at [./src/hotspot/share/prims/jni.cpp, line 636]
Event: 31.930 Thread 0x000002501ca28800 Exception <a 'java/net/SocketTimeoutException'{0x000000008cccbd50}: Read timed out> (0x000000008cccbd50) thrown at [./src/hotspot/share/prims/jni.cpp, line 636]
Event: 35.836 Thread 0x0000025018e6a800 Exception <a 'java/net/SocketTimeoutException'{0x000000008c166998}: Read timed out> (0x000000008c166998) thrown at [./src/hotspot/share/prims/jni.cpp, line 636]
Event: 35.837 Thread 0x000002501be93800 Exception <a 'java/net/SocketTimeoutException'{0x000000008c185728}: Read timed out> (0x000000008c185728) thrown at [./src/hotspot/share/prims/jni.cpp, line 636]
Event: 35.837 Thread 0x0000025018e6f800 Exception <a 'java/net/SocketTimeoutException'{0x000000008c1b66d0}: Read timed out> (0x000000008c1b66d0) thrown at [./src/hotspot/share/prims/jni.cpp, line 636]

Events (20 events):
Event: 35.797 loading class org/gradle/internal/component/model/ComponentArtifactMetadata done
Event: 35.798 loading class org/gradle/api/internal/artifacts/ivyservice/resolveengine/artifact/ArtifactBackedResolvedVariant$SingleArtifactSet
Event: 35.798 loading class org/gradle/api/internal/artifacts/ivyservice/resolveengine/artifact/ArtifactBackedResolvedVariant$SingleArtifactSet done
Event: 35.817 loading class org/gradle/api/internal/artifacts/ivyservice/resolveengine/artifact/ArtifactBackedResolvedVariant$DownloadArtifactFile
Event: 35.817 loading class org/gradle/api/internal/artifacts/ivyservice/resolveengine/artifact/ArtifactBackedResolvedVariant$DownloadArtifactFile done
Event: 35.818 Thread 0x000002501ca2f000 Thread added: 0x000002501ca2f000
Event: 35.819 loading class org/gradle/api/internal/artifacts/DownloadArtifactBuildOperationType$DetailsImpl
Event: 35.819 loading class org/gradle/api/internal/artifacts/DownloadArtifactBuildOperationType$DetailsImpl done
Event: 35.819 loading class org/gradle/api/internal/artifacts/DownloadArtifactBuildOperationType$Details
Event: 35.819 loading class org/gradle/api/internal/artifacts/DownloadArtifactBuildOperationType$Details done
Event: 35.820 loading class org/gradle/api/internal/tasks/NodeExecutionContext
Event: 35.820 loading class org/gradle/api/internal/tasks/NodeExecutionContext done
Event: 35.820 loading class org/gradle/internal/model/CalculatedValueContainer$CalculationState
Event: 35.820 loading class org/gradle/internal/model/CalculatedValueContainer$CalculationState done
Event: 35.821 loading class org/gradle/api/internal/artifacts/DownloadArtifactBuildOperationType
Event: 35.821 loading class org/gradle/api/internal/artifacts/DownloadArtifactBuildOperationType done
Event: 35.822 loading class org/gradle/api/internal/artifacts/DownloadArtifactBuildOperationType$Result
Event: 35.822 loading class org/gradle/api/internal/artifacts/DownloadArtifactBuildOperationType$Result done
Event: 35.822 loading class org/gradle/api/internal/artifacts/DownloadArtifactBuildOperationType$1
Event: 35.822 loading class org/gradle/api/internal/artifacts/DownloadArtifactBuildOperationType$1 done


Dynamic libraries:
0x00007ff72c8e0000 - 0x00007ff72c8ea000 	C:\Program Files\Android\Android Studio\jre\bin\java.exe
0x00007ffc92890000 - 0x00007ffc92a85000 	C:\WINDOWS\SYSTEM32\ntdll.dll
0x00007ffc911b0000 - 0x00007ffc9126d000 	C:\WINDOWS\System32\KERNEL32.DLL
0x00007ffc90170000 - 0x00007ffc9043d000 	C:\WINDOWS\System32\KERNELBASE.dll
0x00007ffc907e0000 - 0x00007ffc908e0000 	C:\WINDOWS\System32\ucrtbase.dll
0x00007ffc7f380000 - 0x00007ffc7f399000 	C:\Program Files\Android\Android Studio\jre\bin\jli.dll
0x00007ffc7f250000 - 0x00007ffc7f267000 	C:\Program Files\Android\Android Studio\jre\bin\VCRUNTIME140.dll
0x00007ffc923f0000 - 0x00007ffc92590000 	C:\WINDOWS\System32\USER32.dll
0x00007ffc900f0000 - 0x00007ffc90112000 	C:\WINDOWS\System32\win32u.dll
0x00007ffc79af0000 - 0x00007ffc79d8a000 	C:\WINDOWS\WinSxS\amd64_microsoft.windows.common-controls_6595b64144ccf1df_6.0.19041.1110_none_60b5254171f9507e\COMCTL32.dll
0x00007ffc90aa0000 - 0x00007ffc90aca000 	C:\WINDOWS\System32\GDI32.dll
0x00007ffc91ba0000 - 0x00007ffc91c3e000 	C:\WINDOWS\System32\msvcrt.dll
0x00007ffc904d0000 - 0x00007ffc905db000 	C:\WINDOWS\System32\gdi32full.dll
0x00007ffc90050000 - 0x00007ffc900ed000 	C:\WINDOWS\System32\msvcp_win.dll
0x00007ffc91180000 - 0x00007ffc911b0000 	C:\WINDOWS\System32\IMM32.DLL
0x00007ffc58e20000 - 0x00007ffc58ebd000 	C:\Program Files\Android\Android Studio\jre\bin\msvcp140.dll
0x00007ffc47570000 - 0x00007ffc48055000 	C:\Program Files\Android\Android Studio\jre\bin\server\jvm.dll
0x00007ffc90ad0000 - 0x00007ffc90b7e000 	C:\WINDOWS\System32\ADVAPI32.dll
0x00007ffc90c60000 - 0x00007ffc90cfc000 	C:\WINDOWS\System32\sechost.dll
0x00007ffc91ee0000 - 0x00007ffc92005000 	C:\WINDOWS\System32\RPCRT4.dll
0x00007ffc91b30000 - 0x00007ffc91b38000 	C:\WINDOWS\System32\PSAPI.DLL
0x00007ffc76bd0000 - 0x00007ffc76bd9000 	C:\WINDOWS\SYSTEM32\WSOCK32.dll
0x00007ffc7e190000 - 0x00007ffc7e1b7000 	C:\WINDOWS\SYSTEM32\WINMM.dll
0x00007ffc91c40000 - 0x00007ffc91cab000 	C:\WINDOWS\System32\WS2_32.dll
0x00007ffc89d90000 - 0x00007ffc89d9a000 	C:\WINDOWS\SYSTEM32\VERSION.dll
0x00007ffc8dea0000 - 0x00007ffc8deb2000 	C:\WINDOWS\SYSTEM32\kernel.appcore.dll
0x00007ffc8b1e0000 - 0x00007ffc8b1f1000 	C:\Program Files\Android\Android Studio\jre\bin\verify.dll
0x00007ffc8d7a0000 - 0x00007ffc8d984000 	C:\WINDOWS\SYSTEM32\DBGHELP.DLL
0x00007ffc76b80000 - 0x00007ffc76bac000 	C:\WINDOWS\SYSTEM32\dbgcore.DLL
0x00007ffc90440000 - 0x00007ffc904c2000 	C:\WINDOWS\System32\bcryptPrimitives.dll
0x00007ffc894a0000 - 0x00007ffc894c9000 	C:\Program Files\Android\Android Studio\jre\bin\java.dll
0x00007ffc8b1d0000 - 0x00007ffc8b1db000 	C:\Program Files\Android\Android Studio\jre\bin\jimage.dll
0x00007ffc8ad80000 - 0x00007ffc8ad98000 	C:\Program Files\Android\Android Studio\jre\bin\zip.dll
0x00007ffc91330000 - 0x00007ffc91a74000 	C:\WINDOWS\System32\SHELL32.dll
0x00007ffc8e0a0000 - 0x00007ffc8e834000 	C:\WINDOWS\SYSTEM32\windows.storage.dll
0x00007ffc92070000 - 0x00007ffc923c4000 	C:\WINDOWS\System32\combase.dll
0x00007ffc8fa00000 - 0x00007ffc8fa2c000 	C:\WINDOWS\SYSTEM32\Wldp.dll
0x00007ffc91280000 - 0x00007ffc9132d000 	C:\WINDOWS\System32\SHCORE.dll
0x00007ffc92010000 - 0x00007ffc92065000 	C:\WINDOWS\System32\shlwapi.dll
0x00007ffc8fee0000 - 0x00007ffc8feff000 	C:\WINDOWS\SYSTEM32\profapi.dll
0x00007ffc89480000 - 0x00007ffc8949a000 	C:\Program Files\Android\Android Studio\jre\bin\net.dll
0x00007ffc80410000 - 0x00007ffc8051a000 	C:\WINDOWS\SYSTEM32\WINHTTP.dll
0x00007ffc8f760000 - 0x00007ffc8f7ca000 	C:\WINDOWS\system32\mswsock.dll
0x00007ffc80aa0000 - 0x00007ffc80ab4000 	C:\Program Files\Android\Android Studio\jre\bin\nio.dll
0x00007ffc7efe0000 - 0x00007ffc7f007000 	C:\Users\Aiman Haikal\.gradle\native\e1d6ef7f7dcc3fd88c89a11ec53ec762bb8ba0a96d01ffa2cd45eb1d1d8dd5c5\windows-amd64\native-platform.dll
0x00007ffc4f3d0000 - 0x00007ffc4f514000 	C:\Users\Aiman Haikal\.gradle\native\5664cfc778a61ccfe75a443a1ab52a65af34e5dc3c78e0209fed803814484fcb\windows-amd64\native-platform-file-events.dll
0x00007ffc8b1a0000 - 0x00007ffc8b1aa000 	C:\Program Files\Android\Android Studio\jre\bin\management.dll
0x00007ffc8aa50000 - 0x00007ffc8aa5d000 	C:\Program Files\Android\Android Studio\jre\bin\management_ext.dll
0x00007ffc8f960000 - 0x00007ffc8f978000 	C:\WINDOWS\SYSTEM32\CRYPTSP.dll
0x00007ffc8f070000 - 0x00007ffc8f0a4000 	C:\WINDOWS\system32\rsaenh.dll
0x00007ffc907b0000 - 0x00007ffc907d7000 	C:\WINDOWS\System32\bcrypt.dll
0x00007ffc8fea0000 - 0x00007ffc8fece000 	C:\WINDOWS\SYSTEM32\USERENV.dll
0x00007ffc8f950000 - 0x00007ffc8f95c000 	C:\WINDOWS\SYSTEM32\CRYPTBASE.dll
0x00007ffc8f400000 - 0x00007ffc8f43b000 	C:\WINDOWS\SYSTEM32\IPHLPAPI.DLL
0x00007ffc927e0000 - 0x00007ffc927e8000 	C:\WINDOWS\System32\NSI.dll
0x00007ffc86170000 - 0x00007ffc86187000 	C:\WINDOWS\SYSTEM32\dhcpcsvc6.DLL
0x00007ffc870c0000 - 0x00007ffc870dd000 	C:\WINDOWS\SYSTEM32\dhcpcsvc.DLL
0x00007ffc8f440000 - 0x00007ffc8f50b000 	C:\WINDOWS\SYSTEM32\DNSAPI.dll
0x00007ffc7f3e0000 - 0x00007ffc7f407000 	C:\Program Files\Android\Android Studio\jre\bin\sunec.dll
0x00007ffc7d4d0000 - 0x00007ffc7d4da000 	C:\Windows\System32\rasadhlp.dll
0x00007ffc7de40000 - 0x00007ffc7dec0000 	C:\WINDOWS\System32\fwpuclnt.dll

dbghelp: loaded successfully - version: 4.0.5 - missing functions: none
symbol engine: initialized successfully - sym options: 0x614 - pdb path: .;C:\Program Files\Android\Android Studio\jre\bin;C:\WINDOWS\SYSTEM32;C:\WINDOWS\WinSxS\amd64_microsoft.windows.common-controls_6595b64144ccf1df_6.0.19041.1110_none_60b5254171f9507e;C:\Program Files\Android\Android Studio\jre\bin\server;C:\Users\Aiman Haikal\.gradle\native\e1d6ef7f7dcc3fd88c89a11ec53ec762bb8ba0a96d01ffa2cd45eb1d1d8dd5c5\windows-amd64;C:\Users\Aiman Haikal\.gradle\native\5664cfc778a61ccfe75a443a1ab52a65af34e5dc3c78e0209fed803814484fcb\windows-amd64

VM Arguments:
jvm_args: --add-opens=java.base/java.util=ALL-UNNAMED --add-opens=java.base/java.lang=ALL-UNNAMED --add-opens=java.base/java.lang.invoke=ALL-UNNAMED --add-opens=java.base/java.util=ALL-UNNAMED --add-opens=java.prefs/java.util.prefs=ALL-UNNAMED --add-opens=java.prefs/java.util.prefs=ALL-UNNAMED --add-opens=java.base/java.nio.charset=ALL-UNNAMED --add-opens=java.base/java.net=ALL-UNNAMED --add-opens=java.base/java.util.concurrent.atomic=ALL-UNNAMED -Xmx2048m -Dfile.encoding=UTF-8 -Duser.country=MY -Duser.language=en -Duser.variant 
java_command: org.gradle.launcher.daemon.bootstrap.GradleDaemon 7.3.3
java_class_path (initial): C:\Users\Aiman Haikal\.gradle\wrapper\dists\gradle-7.3.3-bin\6a41zxkdtcxs8rphpq6y0069z\gradle-7.3.3\lib\gradle-launcher-7.3.3.jar
Launcher Type: SUN_STANDARD

[Global flags]
     intx CICompilerCount                          = 3                                         {product} {ergonomic}
     uint ConcGCThreads                            = 1                                         {product} {ergonomic}
     uint G1ConcRefinementThreads                  = 4                                         {product} {ergonomic}
   size_t G1HeapRegionSize                         = 1048576                                   {product} {ergonomic}
    uintx GCDrainStackTargetSize                   = 64                                        {product} {ergonomic}
   size_t InitialHeapSize                          = 201326592                                 {product} {ergonomic}
   size_t MarkStackSize                            = 4194304                                   {product} {ergonomic}
   size_t MaxHeapSize                              = 2147483648                                {product} {command line}
   size_t MaxNewSize                               = 1287651328                                {product} {ergonomic}
   size_t MinHeapDeltaBytes                        = 1048576                                   {product} {ergonomic}
    uintx NonNMethodCodeHeapSize                   = 5830732                                {pd product} {ergonomic}
    uintx NonProfiledCodeHeapSize                  = 122913754                              {pd product} {ergonomic}
    uintx ProfiledCodeHeapSize                     = 122913754                              {pd product} {ergonomic}
    uintx ReservedCodeCacheSize                    = 251658240                              {pd product} {ergonomic}
     bool SegmentedCodeCache                       = true                                      {product} {ergonomic}
     bool UseCompressedClassPointers               = true                                 {lp64_product} {ergonomic}
     bool UseCompressedOops                        = true                                 {lp64_product} {ergonomic}
     bool UseG1GC                                  = true                                      {product} {ergonomic}
     bool UseLargePagesIndividualAllocation        = false                                  {pd product} {ergonomic}

Logging:
Log output configuration:
 #0: stdout all=warning uptime,level,tags
 #1: stderr all=off uptime,level,tags

Environment Variables:
JAVA_HOME=C:\Program Files\Java\jdk-16.0.1
PATH=C:\oraclexe\app\oracle\product\11.2.0\server\bin;;C:\Program Files\Common Files\Oracle\Java\javapath;C:\WINDOWS\system32;C:\WINDOWS;C:\WINDOWS\System32\Wbem;C:\WINDOWS\System32\WindowsPowerShell\v1.0\;C:\WINDOWS\System32\OpenSSH\;C:\Program Files\NVIDIA Corporation\NVIDIA NvDLISR;C:\Program Files\Java\jdk-16.0.1\bin;C:\apache-tomcat-9.0.50\bin;C:\Program Files\dotnet\;C:\Program Files (x86)\NVIDIA Corporation\PhysX\Common;C:\Program Files\nodejs\;C:\Users\Aiman Haikal\AppData\Local\Microsoft\WindowsApps;;C:\Users\Aiman Haikal\AppData\Local\Programs\Microsoft VS Code\bin;C:\Users\Aiman Haikal\AppData\Roaming\npm
USERNAME=Aiman Haikal
OS=Windows_NT
PROCESSOR_IDENTIFIER=Intel64 Family 6 Model 142 Stepping 9, GenuineIntel



---------------  S Y S T E M  ---------------

OS: Windows 10 , 64 bit Build 19041 (10.0.19041.1682)
OS uptime: 9 days 2:32 hours

CPU:total 4 (initial active 4) (2 cores per cpu, 2 threads per core) family 6 model 142 stepping 9 microcode 0xde, cmov, cx8, fxsr, mmx, sse, sse2, sse3, ssse3, sse4.1, sse4.2, popcnt, avx, avx2, aes, clmul, erms, 3dnowpref, lzcnt, ht, tsc, tscinvbit, bmi1, bmi2, adx, fma

Memory: 4k page, system-wide physical 12199M (3307M free)
TotalPageFile size 49063M (AvailPageFile size 5M)
current process WorkingSet (physical memory assigned to process): 413M, peak: 413M
current process commit charge ("private bytes"): 457M, peak: 458M

vm_info: OpenJDK 64-Bit Server VM (11.0.12+7-b1504.28-7817840) for windows-amd64 JRE (11.0.12+7-b1504.28-7817840), built on Oct 13 2021 22:12:33 by "builder" with MS VC++ 14.0 (VS2015)

END.
