#
# There is insufficient memory for the Java Runtime Environment to continue.
# Native memory allocation (malloc) failed to allocate 1922416 bytes for Chunk::new
# Possible reasons:
#   The system is out of physical RAM or swap space
#   The process is running with CompressedOops enabled, and the Java Heap may be blocking the growth of the native heap
# Possible solutions:
#   Reduce memory load on the system
#   Increase physical memory or swap space
#   Check if swap backing store is full
#   Decrease Java heap size (-Xmx/-Xms)
#   Decrease number of Java threads
#   Decrease Java thread stack sizes (-Xss)
#   Set larger code cache with -XX:ReservedCodeCacheSize=
#   JVM is running with Unscaled Compressed Oops mode in which the Java heap is
#     placed in the first 4GB address space. The Java Heap base address is the
#     maximum limit for the native heap growth. Please use -XX:HeapBaseMinAddress
#     to set the Java Heap base and to place the Java Heap above 4GB virtual address.
# This output file may be truncated or incomplete.
#
#  Out of Memory Error (./src/hotspot/share/memory/arena.cpp:197), pid=43908, tid=10232
#
# JRE version: OpenJDK Runtime Environment (11.0.12+7) (build 11.0.12+7-b1504.28-7817840)
# Java VM: OpenJDK 64-Bit Server VM (11.0.12+7-b1504.28-7817840, mixed mode, tiered, compressed oops, g1 gc, windows-amd64)
# No core dump will be written. Minidumps are not enabled by default on client versions of Windows
#

---------------  S U M M A R Y ------------

Command Line: --add-opens=java.base/java.util=ALL-UNNAMED --add-opens=java.base/java.lang=ALL-UNNAMED --add-opens=java.base/java.lang.invoke=ALL-UNNAMED --add-opens=java.base/java.util=ALL-UNNAMED --add-opens=java.prefs/java.util.prefs=ALL-UNNAMED --add-opens=java.prefs/java.util.prefs=ALL-UNNAMED --add-opens=java.base/java.nio.charset=ALL-UNNAMED --add-opens=java.base/java.net=ALL-UNNAMED --add-opens=java.base/java.util.concurrent.atomic=ALL-UNNAMED -Xmx2048m -Dfile.encoding=UTF-8 -Duser.country=MY -Duser.language=en -Duser.variant org.gradle.launcher.daemon.bootstrap.GradleDaemon 7.3.3

Host: Intel(R) Core(TM) i3-7020U CPU @ 2.30GHz, 4 cores, 11G,  Windows 10 , 64 bit Build 19041 (10.0.19041.1682)
Time: Tue May 10 17:47:01 2022 Malay Peninsula Standard Time elapsed time: 13.826046 seconds (0d 0h 0m 13s)

---------------  T H R E A D  ---------------

Current thread (0x00000269e5cd3000):  JavaThread "C2 CompilerThread1" daemon [_thread_in_native, id=10232, stack(0x000000d363f00000,0x000000d364000000)]


Current CompileTask:
C2:  13826 5063       4       groovyjarjarantlr4.v4.runtime.atn.PredictionContext::getCachedContext (297 bytes)

Stack: [0x000000d363f00000,0x000000d364000000]
Native frames: (J=compiled Java code, j=interpreted, Vv=VM code, C=native code)
V  [jvm.dll+0x5fbcea]
V  [jvm.dll+0x731905]
V  [jvm.dll+0x732f1d]
V  [jvm.dll+0x7335d3]
V  [jvm.dll+0x247bf8]
V  [jvm.dll+0xc018c]
V  [jvm.dll+0xc06cc]
V  [jvm.dll+0x2bcc04]
V  [jvm.dll+0x5113a8]
V  [jvm.dll+0x208303]
V  [jvm.dll+0x201fe0]
V  [jvm.dll+0x1ff71f]
V  [jvm.dll+0x18868c]
V  [jvm.dll+0x20e0d7]
V  [jvm.dll+0x20c901]
V  [jvm.dll+0x6f9b7f]
V  [jvm.dll+0x6f26a5]
V  [jvm.dll+0x5fabf6]
C  [ucrtbase.dll+0x21bb2]
C  [KERNEL32.DLL+0x17034]
C  [ntdll.dll+0x52651]


---------------  P R O C E S S  ---------------

Threads class SMR info:
_java_thread_list=0x00000269e5abee20, length=36, elements={
0x00000269c72cc000, 0x00000269e1711800, 0x00000269e1714800, 0x00000269e0eff800,
0x00000269e0f03000, 0x00000269e0f05000, 0x00000269e0f0b800, 0x00000269e0f0c800,
0x00000269e0f0e000, 0x00000269e18db800, 0x00000269e319c800, 0x00000269e2c8c000,
0x00000269e1aad000, 0x00000269e29db000, 0x00000269e1f5f000, 0x00000269e3a12000,
0x00000269e3e07000, 0x00000269e388b000, 0x00000269e380a800, 0x00000269e5706000,
0x00000269e440a800, 0x00000269e4411000, 0x00000269e440b800, 0x00000269e440c800,
0x00000269e440f000, 0x00000269e440d000, 0x00000269e4410800, 0x00000269e440e000,
0x00000269e440f800, 0x00000269e5a21000, 0x00000269e5a1e800, 0x00000269e5a22000,
0x00000269e5a1f800, 0x00000269e5a1c000, 0x00000269e5a1e000, 0x00000269e5cd3000
}

Java Threads: ( => current thread )
  0x00000269c72cc000 JavaThread "main" [_thread_blocked, id=13384, stack(0x000000d361700000,0x000000d361800000)]
  0x00000269e1711800 JavaThread "Reference Handler" daemon [_thread_blocked, id=19940, stack(0x000000d361e00000,0x000000d361f00000)]
  0x00000269e1714800 JavaThread "Finalizer" daemon [_thread_blocked, id=26540, stack(0x000000d361f00000,0x000000d362000000)]
  0x00000269e0eff800 JavaThread "Signal Dispatcher" daemon [_thread_blocked, id=27480, stack(0x000000d362000000,0x000000d362100000)]
  0x00000269e0f03000 JavaThread "Attach Listener" daemon [_thread_blocked, id=15088, stack(0x000000d362100000,0x000000d362200000)]
  0x00000269e0f05000 JavaThread "Service Thread" daemon [_thread_blocked, id=12452, stack(0x000000d362200000,0x000000d362300000)]
  0x00000269e0f0b800 JavaThread "C2 CompilerThread0" daemon [_thread_in_native, id=31772, stack(0x000000d362300000,0x000000d362400000)]
  0x00000269e0f0c800 JavaThread "C1 CompilerThread0" daemon [_thread_in_native, id=16548, stack(0x000000d362400000,0x000000d362500000)]
  0x00000269e0f0e000 JavaThread "Sweeper thread" daemon [_thread_blocked, id=28248, stack(0x000000d362500000,0x000000d362600000)]
  0x00000269e18db800 JavaThread "Common-Cleaner" daemon [_thread_blocked, id=11836, stack(0x000000d362600000,0x000000d362700000)]
  0x00000269e319c800 JavaThread "Daemon health stats" [_thread_blocked, id=15420, stack(0x000000d362c00000,0x000000d362d00000)]
  0x00000269e2c8c000 JavaThread "Incoming local TCP Connector on port 56790" [_thread_in_native, id=44912, stack(0x000000d362800000,0x000000d362900000)]
  0x00000269e1aad000 JavaThread "Daemon periodic checks" [_thread_blocked, id=23240, stack(0x000000d362d00000,0x000000d362e00000)]
  0x00000269e29db000 JavaThread "Daemon" [_thread_blocked, id=22264, stack(0x000000d362e00000,0x000000d362f00000)]
  0x00000269e1f5f000 JavaThread "Handler for socket connection from /127.0.0.1:56790 to /127.0.0.1:56791" [_thread_in_native, id=19808, stack(0x000000d362f00000,0x000000d363000000)]
  0x00000269e3a12000 JavaThread "Cancel handler" [_thread_blocked, id=21136, stack(0x000000d363000000,0x000000d363100000)]
  0x00000269e3e07000 JavaThread "Daemon worker" [_thread_in_Java, id=18212, stack(0x000000d363100000,0x000000d363200000)]
  0x00000269e388b000 JavaThread "Asynchronous log dispatcher for DefaultDaemonConnection: socket connection from /127.0.0.1:56790 to /127.0.0.1:56791" [_thread_blocked, id=7800, stack(0x000000d363200000,0x000000d363300000)]
  0x00000269e380a800 JavaThread "Stdin handler" [_thread_blocked, id=32404, stack(0x000000d363300000,0x000000d363400000)]
  0x00000269e5706000 JavaThread "Daemon client event forwarder" [_thread_blocked, id=5004, stack(0x000000d363400000,0x000000d363500000)]
  0x00000269e440a800 JavaThread "Cache worker for journal cache (C:\Users\Aiman Haikal\.gradle\caches\journal-1)" [_thread_blocked, id=45572, stack(0x000000d363500000,0x000000d363600000)]
  0x00000269e4411000 JavaThread "File lock request listener" [_thread_in_native, id=35992, stack(0x000000d363600000,0x000000d363700000)]
  0x00000269e440b800 JavaThread "Cache worker for file hash cache (C:\Users\Aiman Haikal\.gradle\caches\7.3.3\fileHashes)" [_thread_blocked, id=8444, stack(0x000000d363700000,0x000000d363800000)]
  0x00000269e440c800 JavaThread "Cache worker for file hash cache (C:\Users\Aiman Haikal\AndroidStudioProjects\ZenPCEnterprise\.gradle\7.3.3\fileHashes)" [_thread_blocked, id=42628, stack(0x000000d363900000,0x000000d363a00000)]
  0x00000269e440f000 JavaThread "File watcher server" daemon [_thread_in_native, id=19140, stack(0x000000d363a00000,0x000000d363b00000)]
  0x00000269e440d000 JavaThread "File watcher consumer" daemon [_thread_blocked, id=19060, stack(0x000000d363b00000,0x000000d363c00000)]
  0x00000269e4410800 JavaThread "jar transforms" [_thread_blocked, id=25928, stack(0x000000d363800000,0x000000d363900000)]
  0x00000269e440e000 JavaThread "jar transforms Thread 2" [_thread_blocked, id=34072, stack(0x000000d363c00000,0x000000d363d00000)]
  0x00000269e440f800 JavaThread "jar transforms Thread 3" [_thread_blocked, id=31168, stack(0x000000d363d00000,0x000000d363e00000)]
  0x00000269e5a21000 JavaThread "jar transforms Thread 4" [_thread_blocked, id=15336, stack(0x000000d363e00000,0x000000d363f00000)]
  0x00000269e5a1e800 JavaThread "Cache worker for checksums cache (C:\Users\Aiman Haikal\AndroidStudioProjects\ZenPCEnterprise\.gradle\7.3.3\checksums)" [_thread_blocked, id=25556, stack(0x000000d364000000,0x000000d364100000)]
  0x00000269e5a22000 JavaThread "Cache worker for cache directory md-supplier (C:\Users\Aiman Haikal\.gradle\caches\7.3.3\md-supplier)" [_thread_blocked, id=31760, stack(0x000000d364100000,0x000000d364200000)]
  0x00000269e5a1f800 JavaThread "Cache worker for cache directory md-rule (C:\Users\Aiman Haikal\.gradle\caches\7.3.3\md-rule)" [_thread_blocked, id=22648, stack(0x000000d364200000,0x000000d364300000)]
  0x00000269e5a1c000 JavaThread "Cache worker for execution history cache (C:\Users\Aiman Haikal\.gradle\caches\7.3.3\executionHistory)" [_thread_blocked, id=45496, stack(0x000000d364300000,0x000000d364400000)]
  0x00000269e5a1e000 JavaThread "Cache worker for file content cache (C:\Users\Aiman Haikal\.gradle\caches\7.3.3\fileContent)" [_thread_blocked, id=15260, stack(0x000000d364400000,0x000000d364500000)]
=>0x00000269e5cd3000 JavaThread "C2 CompilerThread1" daemon [_thread_in_native, id=10232, stack(0x000000d363f00000,0x000000d364000000)]

Other Threads:
  0x00000269e0eee000 VMThread "VM Thread" [stack: 0x000000d361d00000,0x000000d361e00000] [id=21388]
  0x00000269e18fc800 WatcherThread [stack: 0x000000d362700000,0x000000d362800000] [id=21700]
  0x00000269c72e5800 GCTaskThread "GC Thread#0" [stack: 0x000000d361800000,0x000000d361900000] [id=29248]
  0x00000269e2027000 GCTaskThread "GC Thread#1" [stack: 0x000000d362900000,0x000000d362a00000] [id=41168]
  0x00000269e2027800 GCTaskThread "GC Thread#2" [stack: 0x000000d362a00000,0x000000d362b00000] [id=26380]
  0x00000269e2028800 GCTaskThread "GC Thread#3" [stack: 0x000000d362b00000,0x000000d362c00000] [id=28304]
  0x00000269c7318000 ConcurrentGCThread "G1 Main Marker" [stack: 0x000000d361900000,0x000000d361a00000] [id=15288]
  0x00000269c7319000 ConcurrentGCThread "G1 Conc#0" [stack: 0x000000d361a00000,0x000000d361b00000] [id=33436]
  0x00000269e0d3e800 ConcurrentGCThread "G1 Refine#0" [stack: 0x000000d361b00000,0x000000d361c00000] [id=24416]
  0x00000269e0d3f800 ConcurrentGCThread "G1 Young RemSet Sampling" [stack: 0x000000d361c00000,0x000000d361d00000] [id=26656]

Threads with active compile tasks:
C2 CompilerThread0  13867 5090       4       groovyjarjarantlr4.v4.runtime.atn.PredictionContext::join (569 bytes)
C2 CompilerThread1  13867 5063       4       groovyjarjarantlr4.v4.runtime.atn.PredictionContext::getCachedContext (297 bytes)

VM state:not at safepoint (normal execution)

VM Mutex/Monitor currently owned by a thread: None

Heap address: 0x0000000080000000, size: 2048 MB, Compressed Oops mode: 32-bit
Narrow klass base: 0x0000000000000000, Narrow klass shift: 3
Compressed class space size: 1073741824 Address: 0x0000000100000000

Heap:
 garbage-first heap   total 236544K, used 75890K [0x0000000080000000, 0x0000000100000000)
  region size 1024K, 31 young (31744K), 4 survivors (4096K)
 Metaspace       used 49745K, capacity 51019K, committed 51276K, reserved 1093632K
  class space    used 6431K, capacity 6904K, committed 6988K, reserved 1048576K
Heap Regions: E=young(eden), S=young(survivor), O=old, HS=humongous(starts), HC=humongous(continues), CS=collection set, F=free, A=archive, TAMS=top-at-mark-start (previous, next)
|   0|0x0000000080000000, 0x0000000080100000, 0x0000000080100000|100%|HS|  |TAMS 0x0000000080100000, 0x0000000080000000| Complete 
|   1|0x0000000080100000, 0x0000000080200000, 0x0000000080200000|100%|HC|  |TAMS 0x0000000080200000, 0x0000000080100000| Complete 
|   2|0x0000000080200000, 0x0000000080300000, 0x0000000080300000|100%|HC|  |TAMS 0x0000000080300000, 0x0000000080200000| Complete 
|   3|0x0000000080300000, 0x0000000080400000, 0x0000000080400000|100%| O|  |TAMS 0x0000000080400000, 0x0000000080300000| Untracked 
|   4|0x0000000080400000, 0x0000000080500000, 0x0000000080500000|100%| O|  |TAMS 0x0000000080500000, 0x0000000080400000| Untracked 
|   5|0x0000000080500000, 0x0000000080600000, 0x0000000080600000|100%| O|  |TAMS 0x0000000080600000, 0x0000000080500000| Untracked 
|   6|0x0000000080600000, 0x0000000080700000, 0x0000000080700000|100%| O|  |TAMS 0x0000000080700000, 0x0000000080600000| Untracked 
|   7|0x0000000080700000, 0x0000000080800000, 0x0000000080800000|100%| O|  |TAMS 0x0000000080800000, 0x0000000080700000| Untracked 
|   8|0x0000000080800000, 0x0000000080900000, 0x0000000080900000|100%| O|  |TAMS 0x0000000080900000, 0x0000000080800000| Untracked 
|   9|0x0000000080900000, 0x0000000080a00000, 0x0000000080a00000|100%| O|  |TAMS 0x0000000080a00000, 0x0000000080900000| Untracked 
|  10|0x0000000080a00000, 0x0000000080b00000, 0x0000000080b00000|100%| O|  |TAMS 0x0000000080b00000, 0x0000000080a00000| Untracked 
|  11|0x0000000080b00000, 0x0000000080c00000, 0x0000000080c00000|100%| O|  |TAMS 0x0000000080c00000, 0x0000000080b00000| Untracked 
|  12|0x0000000080c00000, 0x0000000080d00000, 0x0000000080d00000|100%| O|  |TAMS 0x0000000080d00000, 0x0000000080c00000| Untracked 
|  13|0x0000000080d00000, 0x0000000080e00000, 0x0000000080e00000|100%| O|  |TAMS 0x0000000080e00000, 0x0000000080d00000| Untracked 
|  14|0x0000000080e00000, 0x0000000080f00000, 0x0000000080f00000|100%| O|  |TAMS 0x0000000080f00000, 0x0000000080e00000| Untracked 
|  15|0x0000000080f00000, 0x0000000081000000, 0x0000000081000000|100%| O|  |TAMS 0x0000000081000000, 0x0000000080f00000| Untracked 
|  16|0x0000000081000000, 0x0000000081100000, 0x0000000081100000|100%|HS|  |TAMS 0x0000000081100000, 0x0000000081000000| Complete 
|  17|0x0000000081100000, 0x0000000081200000, 0x0000000081200000|100%|HC|  |TAMS 0x0000000081200000, 0x0000000081100000| Complete 
|  18|0x0000000081200000, 0x0000000081300000, 0x0000000081300000|100%|HS|  |TAMS 0x0000000081300000, 0x0000000081200000| Complete 
|  19|0x0000000081300000, 0x0000000081400000, 0x0000000081400000|100%|HC|  |TAMS 0x0000000081400000, 0x0000000081300000| Complete 
|  20|0x0000000081400000, 0x0000000081500000, 0x0000000081500000|100%|HC|  |TAMS 0x0000000081500000, 0x0000000081400000| Complete 
|  21|0x0000000081500000, 0x0000000081600000, 0x0000000081600000|100%|HS|  |TAMS 0x0000000081600000, 0x0000000081500000| Complete 
|  22|0x0000000081600000, 0x0000000081700000, 0x0000000081700000|100%|HS|  |TAMS 0x0000000081700000, 0x0000000081600000| Complete 
|  23|0x0000000081700000, 0x0000000081800000, 0x0000000081800000|100%|HC|  |TAMS 0x0000000081800000, 0x0000000081700000| Complete 
|  24|0x0000000081800000, 0x0000000081900000, 0x0000000081900000|100%|HC|  |TAMS 0x0000000081900000, 0x0000000081800000| Complete 
|  25|0x0000000081900000, 0x0000000081a00000, 0x0000000081a00000|100%|HC|  |TAMS 0x0000000081a00000, 0x0000000081900000| Complete 
|  26|0x0000000081a00000, 0x0000000081b00000, 0x0000000081b00000|100%| O|  |TAMS 0x0000000081a00000, 0x0000000081a00000| Untracked 
|  27|0x0000000081b00000, 0x0000000081c00000, 0x0000000081c00000|100%| O|  |TAMS 0x0000000081b00000, 0x0000000081b00000| Untracked 
|  28|0x0000000081c00000, 0x0000000081d00000, 0x0000000081d00000|100%| O|  |TAMS 0x0000000081c00000, 0x0000000081c00000| Untracked 
|  29|0x0000000081d00000, 0x0000000081e00000, 0x0000000081e00000|100%| O|  |TAMS 0x0000000081d75e00, 0x0000000081d00000| Untracked 
|  30|0x0000000081e00000, 0x0000000081e00000, 0x0000000081f00000|  0%| F|  |TAMS 0x0000000081e00000, 0x0000000081e00000| Untracked 
|  31|0x0000000081f00000, 0x0000000081f00000, 0x0000000082000000|  0%| F|  |TAMS 0x0000000081f00000, 0x0000000081f00000| Untracked 
|  32|0x0000000082000000, 0x0000000082000000, 0x0000000082100000|  0%| F|  |TAMS 0x0000000082000000, 0x0000000082000000| Untracked 
|  33|0x0000000082100000, 0x0000000082100000, 0x0000000082200000|  0%| F|  |TAMS 0x0000000082100000, 0x0000000082100000| Untracked 
|  34|0x0000000082200000, 0x0000000082300000, 0x0000000082300000|100%| O|  |TAMS 0x0000000082200000, 0x0000000082200000| Untracked 
|  35|0x0000000082300000, 0x0000000082400000, 0x0000000082400000|100%| O|  |TAMS 0x0000000082300000, 0x0000000082300000| Untracked 
|  36|0x0000000082400000, 0x0000000082500000, 0x0000000082500000|100%| O|  |TAMS 0x0000000082400000, 0x0000000082400000| Untracked 
|  37|0x0000000082500000, 0x0000000082600000, 0x0000000082600000|100%| O|  |TAMS 0x0000000082500000, 0x0000000082500000| Untracked 
|  38|0x0000000082600000, 0x0000000082700000, 0x0000000082700000|100%| O|  |TAMS 0x0000000082600000, 0x0000000082600000| Untracked 
|  39|0x0000000082700000, 0x0000000082800000, 0x0000000082800000|100%| O|  |TAMS 0x0000000082700000, 0x0000000082700000| Untracked 
|  40|0x0000000082800000, 0x0000000082900000, 0x0000000082900000|100%| O|  |TAMS 0x0000000082800000, 0x0000000082800000| Untracked 
|  41|0x0000000082900000, 0x0000000082a00000, 0x0000000082a00000|100%| O|  |TAMS 0x0000000082900000, 0x0000000082900000| Untracked 
|  42|0x0000000082a00000, 0x0000000082b00000, 0x0000000082b00000|100%| O|  |TAMS 0x0000000082a00000, 0x0000000082a00000| Untracked 
|  43|0x0000000082b00000, 0x0000000082c00000, 0x0000000082c00000|100%| O|  |TAMS 0x0000000082b00000, 0x0000000082b00000| Untracked 
|  44|0x0000000082c00000, 0x0000000082c59800, 0x0000000082d00000| 34%| O|  |TAMS 0x0000000082c00000, 0x0000000082c00000| Untracked 
|  45|0x0000000082d00000, 0x0000000082e00000, 0x0000000082e00000|100%|HS|  |TAMS 0x0000000082d00000, 0x0000000082d00000| Complete 
|  46|0x0000000082e00000, 0x0000000082f00000, 0x0000000082f00000|100%|HC|  |TAMS 0x0000000082e00000, 0x0000000082e00000| Complete 
|  47|0x0000000082f00000, 0x0000000083000000, 0x0000000083000000|100%|HC|  |TAMS 0x0000000082f00000, 0x0000000082f00000| Complete 
|  48|0x0000000083000000, 0x0000000083100000, 0x0000000083100000|100%|HC|  |TAMS 0x0000000083000000, 0x0000000083000000| Complete 
|  49|0x0000000083100000, 0x0000000083100000, 0x0000000083200000|  0%| F|  |TAMS 0x0000000083100000, 0x0000000083100000| Untracked 
|  50|0x0000000083200000, 0x0000000083200000, 0x0000000083300000|  0%| F|  |TAMS 0x0000000083200000, 0x0000000083200000| Untracked 
|  51|0x0000000083300000, 0x0000000083300000, 0x0000000083400000|  0%| F|  |TAMS 0x0000000083300000, 0x0000000083300000| Untracked 
|  52|0x0000000083400000, 0x0000000083400000, 0x0000000083500000|  0%| F|  |TAMS 0x0000000083400000, 0x0000000083400000| Untracked 
|  53|0x0000000083500000, 0x0000000083500000, 0x0000000083600000|  0%| F|  |TAMS 0x0000000083500000, 0x0000000083500000| Untracked 
|  54|0x0000000083600000, 0x0000000083600000, 0x0000000083700000|  0%| F|  |TAMS 0x0000000083600000, 0x0000000083600000| Untracked 
|  55|0x0000000083700000, 0x0000000083700000, 0x0000000083800000|  0%| F|  |TAMS 0x0000000083700000, 0x0000000083700000| Untracked 
|  56|0x0000000083800000, 0x0000000083800000, 0x0000000083900000|  0%| F|  |TAMS 0x0000000083800000, 0x0000000083800000| Untracked 
|  57|0x0000000083900000, 0x0000000083900000, 0x0000000083a00000|  0%| F|  |TAMS 0x0000000083900000, 0x0000000083900000| Untracked 
|  58|0x0000000083a00000, 0x0000000083a00000, 0x0000000083b00000|  0%| F|  |TAMS 0x0000000083a00000, 0x0000000083a00000| Untracked 
|  59|0x0000000083b00000, 0x0000000083b00000, 0x0000000083c00000|  0%| F|  |TAMS 0x0000000083b00000, 0x0000000083b00000| Untracked 
|  60|0x0000000083c00000, 0x0000000083c00000, 0x0000000083d00000|  0%| F|  |TAMS 0x0000000083c00000, 0x0000000083c00000| Untracked 
|  61|0x0000000083d00000, 0x0000000083d00000, 0x0000000083e00000|  0%| F|  |TAMS 0x0000000083d00000, 0x0000000083d00000| Untracked 
|  62|0x0000000083e00000, 0x0000000083e00000, 0x0000000083f00000|  0%| F|  |TAMS 0x0000000083e00000, 0x0000000083e00000| Untracked 
|  63|0x0000000083f00000, 0x0000000083f00000, 0x0000000084000000|  0%| F|  |TAMS 0x0000000083f00000, 0x0000000083f00000| Untracked 
|  64|0x0000000084000000, 0x0000000084000000, 0x0000000084100000|  0%| F|  |TAMS 0x0000000084000000, 0x0000000084000000| Untracked 
|  65|0x0000000084100000, 0x0000000084100000, 0x0000000084200000|  0%| F|  |TAMS 0x0000000084100000, 0x0000000084100000| Untracked 
|  66|0x0000000084200000, 0x0000000084200000, 0x0000000084300000|  0%| F|  |TAMS 0x0000000084200000, 0x0000000084200000| Untracked 
|  67|0x0000000084300000, 0x0000000084300000, 0x0000000084400000|  0%| F|  |TAMS 0x0000000084300000, 0x0000000084300000| Untracked 
|  68|0x0000000084400000, 0x0000000084400000, 0x0000000084500000|  0%| F|  |TAMS 0x0000000084400000, 0x0000000084400000| Untracked 
|  69|0x0000000084500000, 0x0000000084500000, 0x0000000084600000|  0%| F|  |TAMS 0x0000000084500000, 0x0000000084500000| Untracked 
|  70|0x0000000084600000, 0x0000000084600000, 0x0000000084700000|  0%| F|  |TAMS 0x0000000084600000, 0x0000000084600000| Untracked 
|  71|0x0000000084700000, 0x0000000084700000, 0x0000000084800000|  0%| F|  |TAMS 0x0000000084700000, 0x0000000084700000| Untracked 
|  72|0x0000000084800000, 0x0000000084800000, 0x0000000084900000|  0%| F|  |TAMS 0x0000000084800000, 0x0000000084800000| Untracked 
|  73|0x0000000084900000, 0x0000000084900000, 0x0000000084a00000|  0%| F|  |TAMS 0x0000000084900000, 0x0000000084900000| Untracked 
|  74|0x0000000084a00000, 0x0000000084a00000, 0x0000000084b00000|  0%| F|  |TAMS 0x0000000084a00000, 0x0000000084a00000| Untracked 
|  75|0x0000000084b00000, 0x0000000084b00000, 0x0000000084c00000|  0%| F|  |TAMS 0x0000000084b00000, 0x0000000084b00000| Untracked 
|  76|0x0000000084c00000, 0x0000000084c00000, 0x0000000084d00000|  0%| F|  |TAMS 0x0000000084c00000, 0x0000000084c00000| Untracked 
|  77|0x0000000084d00000, 0x0000000084d00000, 0x0000000084e00000|  0%| F|  |TAMS 0x0000000084d00000, 0x0000000084d00000| Untracked 
|  78|0x0000000084e00000, 0x0000000084e00000, 0x0000000084f00000|  0%| F|  |TAMS 0x0000000084e00000, 0x0000000084e00000| Untracked 
|  79|0x0000000084f00000, 0x0000000084f00000, 0x0000000085000000|  0%| F|  |TAMS 0x0000000084f00000, 0x0000000084f00000| Untracked 
|  80|0x0000000085000000, 0x0000000085000000, 0x0000000085100000|  0%| F|  |TAMS 0x0000000085000000, 0x0000000085000000| Untracked 
|  81|0x0000000085100000, 0x0000000085100000, 0x0000000085200000|  0%| F|  |TAMS 0x0000000085100000, 0x0000000085100000| Untracked 
|  82|0x0000000085200000, 0x0000000085200000, 0x0000000085300000|  0%| F|  |TAMS 0x0000000085200000, 0x0000000085200000| Untracked 
|  83|0x0000000085300000, 0x0000000085300000, 0x0000000085400000|  0%| F|  |TAMS 0x0000000085300000, 0x0000000085300000| Untracked 
|  84|0x0000000085400000, 0x0000000085400000, 0x0000000085500000|  0%| F|  |TAMS 0x0000000085400000, 0x0000000085400000| Untracked 
|  85|0x0000000085500000, 0x0000000085500000, 0x0000000085600000|  0%| F|  |TAMS 0x0000000085500000, 0x0000000085500000| Untracked 
|  86|0x0000000085600000, 0x0000000085600000, 0x0000000085700000|  0%| F|  |TAMS 0x0000000085600000, 0x0000000085600000| Untracked 
|  87|0x0000000085700000, 0x0000000085700000, 0x0000000085800000|  0%| F|  |TAMS 0x0000000085700000, 0x0000000085700000| Untracked 
|  88|0x0000000085800000, 0x0000000085800000, 0x0000000085900000|  0%| F|  |TAMS 0x0000000085800000, 0x0000000085800000| Untracked 
|  89|0x0000000085900000, 0x0000000085900000, 0x0000000085a00000|  0%| F|  |TAMS 0x0000000085900000, 0x0000000085900000| Untracked 
|  90|0x0000000085a00000, 0x0000000085a00000, 0x0000000085b00000|  0%| F|  |TAMS 0x0000000085a00000, 0x0000000085a00000| Untracked 
|  91|0x0000000085b00000, 0x0000000085b00000, 0x0000000085c00000|  0%| F|  |TAMS 0x0000000085b00000, 0x0000000085b00000| Untracked 
|  92|0x0000000085c00000, 0x0000000085c00000, 0x0000000085d00000|  0%| F|  |TAMS 0x0000000085c00000, 0x0000000085c00000| Untracked 
|  93|0x0000000085d00000, 0x0000000085d00000, 0x0000000085e00000|  0%| F|  |TAMS 0x0000000085d00000, 0x0000000085d00000| Untracked 
|  94|0x0000000085e00000, 0x0000000085e00000, 0x0000000085f00000|  0%| F|  |TAMS 0x0000000085e00000, 0x0000000085e00000| Untracked 
|  95|0x0000000085f00000, 0x0000000085fc3288, 0x0000000086000000| 76%| S|CS|TAMS 0x0000000085f00000, 0x0000000085f00000| Complete 
|  96|0x0000000086000000, 0x0000000086100000, 0x0000000086100000|100%| S|CS|TAMS 0x0000000086000000, 0x0000000086000000| Complete 
|  97|0x0000000086100000, 0x0000000086200000, 0x0000000086200000|100%| S|CS|TAMS 0x0000000086100000, 0x0000000086100000| Complete 
|  98|0x0000000086200000, 0x0000000086300000, 0x0000000086300000|100%| S|CS|TAMS 0x0000000086200000, 0x0000000086200000| Complete 
|  99|0x0000000086300000, 0x0000000086300000, 0x0000000086400000|  0%| F|  |TAMS 0x0000000086300000, 0x0000000086300000| Untracked 
| 100|0x0000000086400000, 0x0000000086400000, 0x0000000086500000|  0%| F|  |TAMS 0x0000000086400000, 0x0000000086400000| Untracked 
| 101|0x0000000086500000, 0x0000000086500000, 0x0000000086600000|  0%| F|  |TAMS 0x0000000086500000, 0x0000000086500000| Untracked 
| 102|0x0000000086600000, 0x0000000086600000, 0x0000000086700000|  0%| F|  |TAMS 0x0000000086600000, 0x0000000086600000| Untracked 
| 103|0x0000000086700000, 0x0000000086700000, 0x0000000086800000|  0%| F|  |TAMS 0x0000000086700000, 0x0000000086700000| Untracked 
| 104|0x0000000086800000, 0x0000000086800000, 0x0000000086900000|  0%| F|  |TAMS 0x0000000086800000, 0x0000000086800000| Untracked 
| 105|0x0000000086900000, 0x0000000086900000, 0x0000000086a00000|  0%| F|  |TAMS 0x0000000086900000, 0x0000000086900000| Untracked 
| 106|0x0000000086a00000, 0x0000000086a00000, 0x0000000086b00000|  0%| F|  |TAMS 0x0000000086a00000, 0x0000000086a00000| Untracked 
| 107|0x0000000086b00000, 0x0000000086b00000, 0x0000000086c00000|  0%| F|  |TAMS 0x0000000086b00000, 0x0000000086b00000| Untracked 
| 108|0x0000000086c00000, 0x0000000086c00000, 0x0000000086d00000|  0%| F|  |TAMS 0x0000000086c00000, 0x0000000086c00000| Untracked 
| 109|0x0000000086d00000, 0x0000000086d00000, 0x0000000086e00000|  0%| F|  |TAMS 0x0000000086d00000, 0x0000000086d00000| Untracked 
| 110|0x0000000086e00000, 0x0000000086e00000, 0x0000000086f00000|  0%| F|  |TAMS 0x0000000086e00000, 0x0000000086e00000| Untracked 
| 111|0x0000000086f00000, 0x0000000086f00000, 0x0000000087000000|  0%| F|  |TAMS 0x0000000086f00000, 0x0000000086f00000| Untracked 
| 112|0x0000000087000000, 0x0000000087000000, 0x0000000087100000|  0%| F|  |TAMS 0x0000000087000000, 0x0000000087000000| Untracked 
| 113|0x0000000087100000, 0x0000000087100000, 0x0000000087200000|  0%| F|  |TAMS 0x0000000087100000, 0x0000000087100000| Untracked 
| 114|0x0000000087200000, 0x0000000087200000, 0x0000000087300000|  0%| F|  |TAMS 0x0000000087200000, 0x0000000087200000| Untracked 
| 115|0x0000000087300000, 0x0000000087300000, 0x0000000087400000|  0%| F|  |TAMS 0x0000000087300000, 0x0000000087300000| Untracked 
| 116|0x0000000087400000, 0x0000000087400000, 0x0000000087500000|  0%| F|  |TAMS 0x0000000087400000, 0x0000000087400000| Untracked 
| 117|0x0000000087500000, 0x0000000087500000, 0x0000000087600000|  0%| F|  |TAMS 0x0000000087500000, 0x0000000087500000| Untracked 
| 118|0x0000000087600000, 0x0000000087600000, 0x0000000087700000|  0%| F|  |TAMS 0x0000000087600000, 0x0000000087600000| Untracked 
| 119|0x0000000087700000, 0x0000000087700000, 0x0000000087800000|  0%| F|  |TAMS 0x0000000087700000, 0x0000000087700000| Untracked 
| 120|0x0000000087800000, 0x0000000087800000, 0x0000000087900000|  0%| F|  |TAMS 0x0000000087800000, 0x0000000087800000| Untracked 
| 121|0x0000000087900000, 0x0000000087900000, 0x0000000087a00000|  0%| F|  |TAMS 0x0000000087900000, 0x0000000087900000| Untracked 
| 122|0x0000000087a00000, 0x0000000087a00000, 0x0000000087b00000|  0%| F|  |TAMS 0x0000000087a00000, 0x0000000087a00000| Untracked 
| 123|0x0000000087b00000, 0x0000000087b00000, 0x0000000087c00000|  0%| F|  |TAMS 0x0000000087b00000, 0x0000000087b00000| Untracked 
| 124|0x0000000087c00000, 0x0000000087c00000, 0x0000000087d00000|  0%| F|  |TAMS 0x0000000087c00000, 0x0000000087c00000| Untracked 
| 125|0x0000000087d00000, 0x0000000087d00000, 0x0000000087e00000|  0%| F|  |TAMS 0x0000000087d00000, 0x0000000087d00000| Untracked 
| 126|0x0000000087e00000, 0x0000000087e00000, 0x0000000087f00000|  0%| F|  |TAMS 0x0000000087e00000, 0x0000000087e00000| Untracked 
| 127|0x0000000087f00000, 0x0000000087f00000, 0x0000000088000000|  0%| F|  |TAMS 0x0000000087f00000, 0x0000000087f00000| Untracked 
| 128|0x0000000088000000, 0x0000000088000000, 0x0000000088100000|  0%| F|  |TAMS 0x0000000088000000, 0x0000000088000000| Untracked 
| 129|0x0000000088100000, 0x0000000088100000, 0x0000000088200000|  0%| F|  |TAMS 0x0000000088100000, 0x0000000088100000| Untracked 
| 130|0x0000000088200000, 0x0000000088200000, 0x0000000088300000|  0%| F|  |TAMS 0x0000000088200000, 0x0000000088200000| Untracked 
| 131|0x0000000088300000, 0x0000000088300000, 0x0000000088400000|  0%| F|  |TAMS 0x0000000088300000, 0x0000000088300000| Untracked 
| 132|0x0000000088400000, 0x0000000088400000, 0x0000000088500000|  0%| F|  |TAMS 0x0000000088400000, 0x0000000088400000| Untracked 
| 133|0x0000000088500000, 0x0000000088500000, 0x0000000088600000|  0%| F|  |TAMS 0x0000000088500000, 0x0000000088500000| Untracked 
| 134|0x0000000088600000, 0x0000000088600000, 0x0000000088700000|  0%| F|  |TAMS 0x0000000088600000, 0x0000000088600000| Untracked 
| 135|0x0000000088700000, 0x0000000088700000, 0x0000000088800000|  0%| F|  |TAMS 0x0000000088700000, 0x0000000088700000| Untracked 
| 136|0x0000000088800000, 0x0000000088800000, 0x0000000088900000|  0%| F|  |TAMS 0x0000000088800000, 0x0000000088800000| Untracked 
| 137|0x0000000088900000, 0x0000000088900000, 0x0000000088a00000|  0%| F|  |TAMS 0x0000000088900000, 0x0000000088900000| Untracked 
| 138|0x0000000088a00000, 0x0000000088a00000, 0x0000000088b00000|  0%| F|  |TAMS 0x0000000088a00000, 0x0000000088a00000| Untracked 
| 139|0x0000000088b00000, 0x0000000088b00000, 0x0000000088c00000|  0%| F|  |TAMS 0x0000000088b00000, 0x0000000088b00000| Untracked 
| 140|0x0000000088c00000, 0x0000000088c00000, 0x0000000088d00000|  0%| F|  |TAMS 0x0000000088c00000, 0x0000000088c00000| Untracked 
| 141|0x0000000088d00000, 0x0000000088d00000, 0x0000000088e00000|  0%| F|  |TAMS 0x0000000088d00000, 0x0000000088d00000| Untracked 
| 142|0x0000000088e00000, 0x0000000088e00000, 0x0000000088f00000|  0%| F|  |TAMS 0x0000000088e00000, 0x0000000088e00000| Untracked 
| 143|0x0000000088f00000, 0x0000000088f00000, 0x0000000089000000|  0%| F|  |TAMS 0x0000000088f00000, 0x0000000088f00000| Untracked 
| 144|0x0000000089000000, 0x0000000089000000, 0x0000000089100000|  0%| F|  |TAMS 0x0000000089000000, 0x0000000089000000| Untracked 
| 145|0x0000000089100000, 0x0000000089100000, 0x0000000089200000|  0%| F|  |TAMS 0x0000000089100000, 0x0000000089100000| Untracked 
| 146|0x0000000089200000, 0x0000000089200000, 0x0000000089300000|  0%| F|  |TAMS 0x0000000089200000, 0x0000000089200000| Untracked 
| 147|0x0000000089300000, 0x0000000089300000, 0x0000000089400000|  0%| F|  |TAMS 0x0000000089300000, 0x0000000089300000| Untracked 
| 148|0x0000000089400000, 0x0000000089400000, 0x0000000089500000|  0%| F|  |TAMS 0x0000000089400000, 0x0000000089400000| Untracked 
| 149|0x0000000089500000, 0x0000000089500000, 0x0000000089600000|  0%| F|  |TAMS 0x0000000089500000, 0x0000000089500000| Untracked 
| 150|0x0000000089600000, 0x0000000089600000, 0x0000000089700000|  0%| F|  |TAMS 0x0000000089600000, 0x0000000089600000| Untracked 
| 151|0x0000000089700000, 0x0000000089700000, 0x0000000089800000|  0%| F|  |TAMS 0x0000000089700000, 0x0000000089700000| Untracked 
| 152|0x0000000089800000, 0x0000000089800000, 0x0000000089900000|  0%| F|  |TAMS 0x0000000089800000, 0x0000000089800000| Untracked 
| 153|0x0000000089900000, 0x0000000089900000, 0x0000000089a00000|  0%| F|  |TAMS 0x0000000089900000, 0x0000000089900000| Untracked 
| 154|0x0000000089a00000, 0x0000000089a00000, 0x0000000089b00000|  0%| F|  |TAMS 0x0000000089a00000, 0x0000000089a00000| Untracked 
| 155|0x0000000089b00000, 0x0000000089b00000, 0x0000000089c00000|  0%| F|  |TAMS 0x0000000089b00000, 0x0000000089b00000| Untracked 
| 156|0x0000000089c00000, 0x0000000089c00000, 0x0000000089d00000|  0%| F|  |TAMS 0x0000000089c00000, 0x0000000089c00000| Untracked 
| 157|0x0000000089d00000, 0x0000000089d00000, 0x0000000089e00000|  0%| F|  |TAMS 0x0000000089d00000, 0x0000000089d00000| Untracked 
| 158|0x0000000089e00000, 0x0000000089e00000, 0x0000000089f00000|  0%| F|  |TAMS 0x0000000089e00000, 0x0000000089e00000| Untracked 
| 159|0x0000000089f00000, 0x0000000089f00000, 0x000000008a000000|  0%| F|  |TAMS 0x0000000089f00000, 0x0000000089f00000| Untracked 
| 160|0x000000008a000000, 0x000000008a000000, 0x000000008a100000|  0%| F|  |TAMS 0x000000008a000000, 0x000000008a000000| Untracked 
| 161|0x000000008a100000, 0x000000008a100000, 0x000000008a200000|  0%| F|  |TAMS 0x000000008a100000, 0x000000008a100000| Untracked 
| 162|0x000000008a200000, 0x000000008a200000, 0x000000008a300000|  0%| F|  |TAMS 0x000000008a200000, 0x000000008a200000| Untracked 
| 163|0x000000008a300000, 0x000000008a300000, 0x000000008a400000|  0%| F|  |TAMS 0x000000008a300000, 0x000000008a300000| Untracked 
| 164|0x000000008a400000, 0x000000008a400000, 0x000000008a500000|  0%| F|  |TAMS 0x000000008a400000, 0x000000008a400000| Untracked 
| 165|0x000000008a500000, 0x000000008a500000, 0x000000008a600000|  0%| F|  |TAMS 0x000000008a500000, 0x000000008a500000| Untracked 
| 166|0x000000008a600000, 0x000000008a600000, 0x000000008a700000|  0%| F|  |TAMS 0x000000008a600000, 0x000000008a600000| Untracked 
| 167|0x000000008a700000, 0x000000008a700000, 0x000000008a800000|  0%| F|  |TAMS 0x000000008a700000, 0x000000008a700000| Untracked 
| 168|0x000000008a800000, 0x000000008a800000, 0x000000008a900000|  0%| F|  |TAMS 0x000000008a800000, 0x000000008a800000| Untracked 
| 169|0x000000008a900000, 0x000000008a900000, 0x000000008aa00000|  0%| F|  |TAMS 0x000000008a900000, 0x000000008a900000| Untracked 
| 170|0x000000008aa00000, 0x000000008aa00000, 0x000000008ab00000|  0%| F|  |TAMS 0x000000008aa00000, 0x000000008aa00000| Untracked 
| 171|0x000000008ab00000, 0x000000008ab00000, 0x000000008ac00000|  0%| F|  |TAMS 0x000000008ab00000, 0x000000008ab00000| Untracked 
| 172|0x000000008ac00000, 0x000000008ac00000, 0x000000008ad00000|  0%| F|  |TAMS 0x000000008ac00000, 0x000000008ac00000| Untracked 
| 173|0x000000008ad00000, 0x000000008ad00000, 0x000000008ae00000|  0%| F|  |TAMS 0x000000008ad00000, 0x000000008ad00000| Untracked 
| 174|0x000000008ae00000, 0x000000008ae00000, 0x000000008af00000|  0%| F|  |TAMS 0x000000008ae00000, 0x000000008ae00000| Untracked 
| 175|0x000000008af00000, 0x000000008af00000, 0x000000008b000000|  0%| F|  |TAMS 0x000000008af00000, 0x000000008af00000| Untracked 
| 176|0x000000008b000000, 0x000000008b000000, 0x000000008b100000|  0%| F|  |TAMS 0x000000008b000000, 0x000000008b000000| Untracked 
| 177|0x000000008b100000, 0x000000008b100000, 0x000000008b200000|  0%| F|  |TAMS 0x000000008b100000, 0x000000008b100000| Untracked 
| 178|0x000000008b200000, 0x000000008b200000, 0x000000008b300000|  0%| F|  |TAMS 0x000000008b200000, 0x000000008b200000| Untracked 
| 179|0x000000008b300000, 0x000000008b300000, 0x000000008b400000|  0%| F|  |TAMS 0x000000008b300000, 0x000000008b300000| Untracked 
| 180|0x000000008b400000, 0x000000008b400000, 0x000000008b500000|  0%| F|  |TAMS 0x000000008b400000, 0x000000008b400000| Untracked 
| 181|0x000000008b500000, 0x000000008b500000, 0x000000008b600000|  0%| F|  |TAMS 0x000000008b500000, 0x000000008b500000| Untracked 
| 182|0x000000008b600000, 0x000000008b600000, 0x000000008b700000|  0%| F|  |TAMS 0x000000008b600000, 0x000000008b600000| Untracked 
| 183|0x000000008b700000, 0x000000008b700000, 0x000000008b800000|  0%| F|  |TAMS 0x000000008b700000, 0x000000008b700000| Untracked 
| 184|0x000000008b800000, 0x000000008b800000, 0x000000008b900000|  0%| F|  |TAMS 0x000000008b800000, 0x000000008b800000| Untracked 
| 185|0x000000008b900000, 0x000000008b900000, 0x000000008ba00000|  0%| F|  |TAMS 0x000000008b900000, 0x000000008b900000| Untracked 
| 186|0x000000008ba00000, 0x000000008ba00000, 0x000000008bb00000|  0%| F|  |TAMS 0x000000008ba00000, 0x000000008ba00000| Untracked 
| 187|0x000000008bb00000, 0x000000008bb00000, 0x000000008bc00000|  0%| F|  |TAMS 0x000000008bb00000, 0x000000008bb00000| Untracked 
| 188|0x000000008bc00000, 0x000000008bc00000, 0x000000008bd00000|  0%| F|  |TAMS 0x000000008bc00000, 0x000000008bc00000| Untracked 
| 189|0x000000008bd00000, 0x000000008bd00000, 0x000000008be00000|  0%| F|  |TAMS 0x000000008bd00000, 0x000000008bd00000| Untracked 
| 190|0x000000008be00000, 0x000000008be00000, 0x000000008bf00000|  0%| F|  |TAMS 0x000000008be00000, 0x000000008be00000| Untracked 
| 191|0x000000008bf00000, 0x000000008bf00000, 0x000000008c000000|  0%| F|  |TAMS 0x000000008bf00000, 0x000000008bf00000| Untracked 
| 192|0x000000008c000000, 0x000000008c000000, 0x000000008c100000|  0%| F|  |TAMS 0x000000008c000000, 0x000000008c000000| Untracked 
| 193|0x000000008c100000, 0x000000008c100000, 0x000000008c200000|  0%| F|  |TAMS 0x000000008c100000, 0x000000008c100000| Untracked 
| 194|0x000000008c200000, 0x000000008c200000, 0x000000008c300000|  0%| F|  |TAMS 0x000000008c200000, 0x000000008c200000| Untracked 
| 195|0x000000008c300000, 0x000000008c300000, 0x000000008c400000|  0%| F|  |TAMS 0x000000008c300000, 0x000000008c300000| Untracked 
| 196|0x000000008c400000, 0x000000008c400000, 0x000000008c500000|  0%| F|  |TAMS 0x000000008c400000, 0x000000008c400000| Untracked 
| 197|0x000000008c500000, 0x000000008c500000, 0x000000008c600000|  0%| F|  |TAMS 0x000000008c500000, 0x000000008c500000| Untracked 
| 198|0x000000008c600000, 0x000000008c600000, 0x000000008c700000|  0%| F|  |TAMS 0x000000008c600000, 0x000000008c600000| Untracked 
| 199|0x000000008c700000, 0x000000008c700000, 0x000000008c800000|  0%| F|  |TAMS 0x000000008c700000, 0x000000008c700000| Untracked 
| 200|0x000000008c800000, 0x000000008c800000, 0x000000008c900000|  0%| F|  |TAMS 0x000000008c800000, 0x000000008c800000| Untracked 
| 201|0x000000008c900000, 0x000000008c900000, 0x000000008ca00000|  0%| F|  |TAMS 0x000000008c900000, 0x000000008c900000| Untracked 
| 202|0x000000008ca00000, 0x000000008ca80800, 0x000000008cb00000| 50%| E|  |TAMS 0x000000008ca00000, 0x000000008ca00000| Complete 
| 203|0x000000008cb00000, 0x000000008cc00000, 0x000000008cc00000|100%| E|CS|TAMS 0x000000008cb00000, 0x000000008cb00000| Complete 
| 204|0x000000008cc00000, 0x000000008cd00000, 0x000000008cd00000|100%| E|CS|TAMS 0x000000008cc00000, 0x000000008cc00000| Complete 
| 205|0x000000008cd00000, 0x000000008ce00000, 0x000000008ce00000|100%| E|CS|TAMS 0x000000008cd00000, 0x000000008cd00000| Complete 
| 206|0x000000008ce00000, 0x000000008cf00000, 0x000000008cf00000|100%| E|CS|TAMS 0x000000008ce00000, 0x000000008ce00000| Complete 
| 207|0x000000008cf00000, 0x000000008d000000, 0x000000008d000000|100%| E|CS|TAMS 0x000000008cf00000, 0x000000008cf00000| Complete 
| 208|0x000000008d000000, 0x000000008d100000, 0x000000008d100000|100%| E|CS|TAMS 0x000000008d000000, 0x000000008d000000| Complete 
| 209|0x000000008d100000, 0x000000008d200000, 0x000000008d200000|100%| E|CS|TAMS 0x000000008d100000, 0x000000008d100000| Complete 
| 210|0x000000008d200000, 0x000000008d300000, 0x000000008d300000|100%| E|CS|TAMS 0x000000008d200000, 0x000000008d200000| Complete 
| 211|0x000000008d300000, 0x000000008d400000, 0x000000008d400000|100%| E|CS|TAMS 0x000000008d300000, 0x000000008d300000| Complete 
| 212|0x000000008d400000, 0x000000008d500000, 0x000000008d500000|100%| E|CS|TAMS 0x000000008d400000, 0x000000008d400000| Complete 
| 213|0x000000008d500000, 0x000000008d600000, 0x000000008d600000|100%| E|CS|TAMS 0x000000008d500000, 0x000000008d500000| Complete 
| 214|0x000000008d600000, 0x000000008d700000, 0x000000008d700000|100%| E|CS|TAMS 0x000000008d600000, 0x000000008d600000| Complete 
| 215|0x000000008d700000, 0x000000008d800000, 0x000000008d800000|100%| E|CS|TAMS 0x000000008d700000, 0x000000008d700000| Complete 
| 216|0x000000008d800000, 0x000000008d900000, 0x000000008d900000|100%| E|CS|TAMS 0x000000008d800000, 0x000000008d800000| Complete 
| 217|0x000000008d900000, 0x000000008da00000, 0x000000008da00000|100%| E|CS|TAMS 0x000000008d900000, 0x000000008d900000| Complete 
| 218|0x000000008da00000, 0x000000008db00000, 0x000000008db00000|100%| E|CS|TAMS 0x000000008da00000, 0x000000008da00000| Complete 
| 219|0x000000008db00000, 0x000000008dc00000, 0x000000008dc00000|100%| E|CS|TAMS 0x000000008db00000, 0x000000008db00000| Complete 
| 220|0x000000008dc00000, 0x000000008dd00000, 0x000000008dd00000|100%| E|CS|TAMS 0x000000008dc00000, 0x000000008dc00000| Complete 
| 221|0x000000008dd00000, 0x000000008de00000, 0x000000008de00000|100%| E|CS|TAMS 0x000000008dd00000, 0x000000008dd00000| Complete 
| 222|0x000000008de00000, 0x000000008df00000, 0x000000008df00000|100%| E|CS|TAMS 0x000000008de00000, 0x000000008de00000| Complete 
| 223|0x000000008df00000, 0x000000008e000000, 0x000000008e000000|100%| E|CS|TAMS 0x000000008df00000, 0x000000008df00000| Complete 
| 224|0x000000008e000000, 0x000000008e100000, 0x000000008e100000|100%| E|CS|TAMS 0x000000008e000000, 0x000000008e000000| Complete 
| 225|0x000000008e100000, 0x000000008e200000, 0x000000008e200000|100%| E|CS|TAMS 0x000000008e100000, 0x000000008e100000| Complete 
| 226|0x000000008e200000, 0x000000008e300000, 0x000000008e300000|100%| E|CS|TAMS 0x000000008e200000, 0x000000008e200000| Complete 
| 227|0x000000008e300000, 0x000000008e400000, 0x000000008e400000|100%| E|CS|TAMS 0x000000008e300000, 0x000000008e300000| Complete 
| 228|0x000000008e400000, 0x000000008e500000, 0x000000008e500000|100%| E|CS|TAMS 0x000000008e400000, 0x000000008e400000| Complete 
| 229|0x000000008e500000, 0x000000008e600000, 0x000000008e600000|100%| E|CS|TAMS 0x000000008e500000, 0x000000008e500000| Complete 
| 230|0x000000008e600000, 0x000000008e700000, 0x000000008e700000|100%| E|CS|TAMS 0x000000008e600000, 0x000000008e600000| Complete 

Card table byte_map: [0x00000269da1e0000,0x00000269da5e0000] _byte_map_base: 0x00000269d9de0000

Marking Bits (Prev, Next): (CMBitMap*) 0x00000269c730f0f0, (CMBitMap*) 0x00000269c730f0b8
 Prev Bits: [0x00000269dc9e0000, 0x00000269de9e0000)
 Next Bits: [0x00000269da9e0000, 0x00000269dc9e0000)

Polling page: 0x00000269c52a0000

Metaspace:

Usage:
  Non-class:     43.08 MB capacity,    42.30 MB ( 98%) used,   671.38 KB (  2%) free+waste,   129.00 KB ( <1%) overhead. 
      Class:      6.74 MB capacity,     6.28 MB ( 93%) used,   410.73 KB (  6%) free+waste,    61.88 KB ( <1%) overhead. 
       Both:     49.82 MB capacity,    48.58 MB ( 98%) used,     1.06 MB (  2%) free+waste,   190.88 KB ( <1%) overhead. 

Virtual space:
  Non-class space:       44.00 MB reserved,      43.25 MB ( 98%) committed 
      Class space:        1.00 GB reserved,       6.82 MB ( <1%) committed 
             Both:        1.04 GB reserved,      50.07 MB (  5%) committed 

Chunk freelists:
   Non-Class:  45.00 KB
       Class:  0 bytes
        Both:  45.00 KB

MaxMetaspaceSize: 17179869184.00 GB
CompressedClassSpaceSize: 1.00 GB
Initial GC threshold: 20.80 MB
Current GC threshold: 77.63 MB
CDS: off

CodeHeap 'non-profiled nmethods': size=120064Kb used=2920Kb max_used=2920Kb free=117143Kb
 bounds [0x00000269d28a0000, 0x00000269d2b80000, 0x00000269d9de0000]
CodeHeap 'profiled nmethods': size=120000Kb used=10454Kb max_used=10454Kb free=109545Kb
 bounds [0x00000269cb370000, 0x00000269cbdb0000, 0x00000269d28a0000]
CodeHeap 'non-nmethods': size=5696Kb used=2300Kb max_used=2341Kb free=3395Kb
 bounds [0x00000269cade0000, 0x00000269cb050000, 0x00000269cb370000]
 total_blobs=5838 nmethods=5042 adapters=708
 compilation: enabled
              stopped_count=0, restarted_count=0
 full_count=0

Compilation events (20 events):
Event: 13.734 Thread 0x00000269e0f0c800 5110       3       java.util.TimSort::mergeLo (659 bytes)
Event: 13.737 Thread 0x00000269e0f0c800 nmethod 5110 0x00000269cbd98a90 code [0x00000269cbd98e20, 0x00000269cbd9b178]
Event: 13.737 Thread 0x00000269e0f0c800 5111       2       groovyjarjarantlr4.v4.runtime.atn.SemanticContext$PrecedencePredicate::hashCode (14 bytes)
Event: 13.737 Thread 0x00000269e0f0c800 nmethod 5111 0x00000269cbd9b910 code [0x00000269cbd9bac0, 0x00000269cbd9bbb8]
Event: 13.737 Thread 0x00000269e0f0c800 5112       2       java.util.AbstractMap::isEmpty (13 bytes)
Event: 13.738 Thread 0x00000269e0f0c800 nmethod 5112 0x00000269cbd9bc90 code [0x00000269cbd9be40, 0x00000269cbd9bf68]
Event: 13.742 Thread 0x00000269e0f0c800 5113       2       java.util.BitSet::<init> (26 bytes)
Event: 13.742 Thread 0x00000269e0f0c800 nmethod 5113 0x00000269cbd9c010 code [0x00000269cbd9c1c0, 0x00000269cbd9c3b8]
Event: 13.755 Thread 0x00000269e0f0c800 5114       2       groovyjarjarantlr4.v4.runtime.atn.WildcardTransition::matches (16 bytes)
Event: 13.755 Thread 0x00000269e0f0c800 nmethod 5114 0x00000269cbd9c490 code [0x00000269cbd9c640, 0x00000269cbd9c758]
Event: 13.757 Thread 0x00000269e0f0c800 5115       1       groovyjarjarantlr4.v4.runtime.Lexer::mode (6 bytes)
Event: 13.757 Thread 0x00000269e0f0c800 nmethod 5115 0x00000269d2b79790 code [0x00000269d2b79940, 0x00000269d2b799f8]
Event: 13.776 Thread 0x00000269e0f0c800 5116 %     3       java.util.TimSort::gallopLeft @ 259 (335 bytes)
Event: 13.777 Thread 0x00000269e0f0c800 nmethod 5116% 0x00000269cbd9c810 code [0x00000269cbd9ca60, 0x00000269cbd9d638]
Event: 13.779 Thread 0x00000269e0f0c800 5117       2       groovyjarjarantlr4.v4.runtime.atn.PrecedencePredicateTransition::getPredicate (12 bytes)
Event: 13.780 Thread 0x00000269e0f0c800 nmethod 5117 0x00000269cbd9da10 code [0x00000269cbd9dbc0, 0x00000269cbd9dd18]
Event: 13.780 Thread 0x00000269e0f0c800 5118       2       groovyjarjarantlr4.v4.runtime.atn.SemanticContext$PrecedencePredicate::<init> (10 bytes)
Event: 13.780 Thread 0x00000269e0f0c800 nmethod 5118 0x00000269cbd9de10 code [0x00000269cbd9dfc0, 0x00000269cbd9e0b8]
Event: 13.791 Thread 0x00000269e0f0c800 5119       3       java.util.TimSort::gallopLeft (335 bytes)
Event: 13.792 Thread 0x00000269e0f0c800 nmethod 5119 0x00000269cbd9e190 code [0x00000269cbd9e3e0, 0x00000269cbd9eeb8]

GC Heap History (20 events):
Event: 1.789 GC heap before
{Heap before GC invocations=2 (full 0):
 garbage-first heap   total 196608K, used 39030K [0x0000000080000000, 0x0000000100000000)
  region size 1024K, 30 young (30720K), 2 survivors (2048K)
 Metaspace       used 11267K, capacity 11440K, committed 11520K, reserved 1058816K
  class space    used 1175K, capacity 1244K, committed 1280K, reserved 1048576K
}
Event: 1.793 GC heap after
{Heap after GC invocations=3 (full 0):
 garbage-first heap   total 196608K, used 12197K [0x0000000080000000, 0x0000000100000000)
  region size 1024K, 4 young (4096K), 4 survivors (4096K)
 Metaspace       used 11267K, capacity 11440K, committed 11520K, reserved 1058816K
  class space    used 1175K, capacity 1244K, committed 1280K, reserved 1048576K
}
Event: 4.145 GC heap before
{Heap before GC invocations=3 (full 0):
 garbage-first heap   total 196608K, used 54181K [0x0000000080000000, 0x0000000100000000)
  region size 1024K, 45 young (46080K), 4 survivors (4096K)
 Metaspace       used 17778K, capacity 18182K, committed 18432K, reserved 1064960K
  class space    used 2080K, capacity 2228K, committed 2304K, reserved 1048576K
}
Event: 4.156 GC heap after
{Heap after GC invocations=4 (full 0):
 garbage-first heap   total 196608K, used 15927K [0x0000000080000000, 0x0000000100000000)
  region size 1024K, 6 young (6144K), 6 survivors (6144K)
 Metaspace       used 17778K, capacity 18182K, committed 18432K, reserved 1064960K
  class space    used 2080K, capacity 2228K, committed 2304K, reserved 1048576K
}
Event: 4.550 GC heap before
{Heap before GC invocations=4 (full 0):
 garbage-first heap   total 196608K, used 44599K [0x0000000080000000, 0x0000000100000000)
  region size 1024K, 36 young (36864K), 6 survivors (6144K)
 Metaspace       used 20678K, capacity 21151K, committed 21248K, reserved 1067008K
  class space    used 2538K, capacity 2728K, committed 2816K, reserved 1048576K
}
Event: 4.560 GC heap after
{Heap after GC invocations=5 (full 0):
 garbage-first heap   total 196608K, used 17427K [0x0000000080000000, 0x0000000100000000)
  region size 1024K, 2 young (2048K), 2 survivors (2048K)
 Metaspace       used 20678K, capacity 21151K, committed 21248K, reserved 1067008K
  class space    used 2538K, capacity 2728K, committed 2816K, reserved 1048576K
}
Event: 5.706 GC heap before
{Heap before GC invocations=6 (full 0):
 garbage-first heap   total 196608K, used 75795K [0x0000000080000000, 0x0000000100000000)
  region size 1024K, 59 young (60416K), 2 survivors (2048K)
 Metaspace       used 27263K, capacity 27902K, committed 28160K, reserved 1073152K
  class space    used 3557K, capacity 3797K, committed 3840K, reserved 1048576K
}
Event: 5.714 GC heap after
{Heap after GC invocations=7 (full 0):
 garbage-first heap   total 196608K, used 19539K [0x0000000080000000, 0x0000000100000000)
  region size 1024K, 4 young (4096K), 4 survivors (4096K)
 Metaspace       used 27263K, capacity 27902K, committed 28160K, reserved 1073152K
  class space    used 3557K, capacity 3797K, committed 3840K, reserved 1048576K
}
Event: 7.913 GC heap before
{Heap before GC invocations=7 (full 0):
 garbage-first heap   total 196608K, used 100435K [0x0000000080000000, 0x0000000100000000)
  region size 1024K, 75 young (76800K), 4 survivors (4096K)
 Metaspace       used 34946K, capacity 35829K, committed 35840K, reserved 1081344K
  class space    used 4641K, capacity 4986K, committed 4992K, reserved 1048576K
}
Event: 7.928 GC heap after
{Heap after GC invocations=8 (full 0):
 garbage-first heap   total 196608K, used 33798K [0x0000000080000000, 0x0000000100000000)
  region size 1024K, 8 young (8192K), 8 survivors (8192K)
 Metaspace       used 34946K, capacity 35829K, committed 35840K, reserved 1081344K
  class space    used 4641K, capacity 4986K, committed 4992K, reserved 1048576K
}
Event: 10.202 GC heap before
{Heap before GC invocations=9 (full 0):
 garbage-first heap   total 196608K, used 137222K [0x0000000080000000, 0x0000000100000000)
  region size 1024K, 107 young (109568K), 8 survivors (8192K)
 Metaspace       used 46377K, capacity 47578K, committed 47692K, reserved 1091584K
  class space    used 5971K, capacity 6382K, committed 6476K, reserved 1048576K
}
Event: 10.247 GC heap after
{Heap after GC invocations=10 (full 0):
 garbage-first heap   total 196608K, used 41431K [0x0000000080000000, 0x0000000100000000)
  region size 1024K, 14 young (14336K), 14 survivors (14336K)
 Metaspace       used 46377K, capacity 47578K, committed 47692K, reserved 1091584K
  class space    used 5971K, capacity 6382K, committed 6476K, reserved 1048576K
}
Event: 11.808 GC heap before
{Heap before GC invocations=11 (full 0):
 garbage-first heap   total 196608K, used 145879K [0x0000000080000000, 0x0000000100000000)
  region size 1024K, 112 young (114688K), 14 survivors (14336K)
 Metaspace       used 49393K, capacity 50708K, committed 51020K, reserved 1093632K
  class space    used 6414K, capacity 6892K, committed 6988K, reserved 1048576K
}
Event: 11.843 GC heap after
{Heap after GC invocations=12 (full 0):
 garbage-first heap   total 196608K, used 48998K [0x0000000080000000, 0x0000000100000000)
  region size 1024K, 4 young (4096K), 4 survivors (4096K)
 Metaspace       used 49393K, capacity 50708K, committed 51020K, reserved 1093632K
  class space    used 6414K, capacity 6892K, committed 6988K, reserved 1048576K
}
Event: 12.264 GC heap before
{Heap before GC invocations=12 (full 0):
 garbage-first heap   total 196608K, used 148326K [0x0000000080000000, 0x0000000100000000)
  region size 1024K, 101 young (103424K), 4 survivors (4096K)
 Metaspace       used 49486K, capacity 50780K, committed 51020K, reserved 1093632K
  class space    used 6418K, capacity 6893K, committed 6988K, reserved 1048576K
}
Event: 12.271 GC heap after
{Heap after GC invocations=13 (full 0):
 garbage-first heap   total 236544K, used 50390K [0x0000000080000000, 0x0000000100000000)
  region size 1024K, 5 young (5120K), 5 survivors (5120K)
 Metaspace       used 49486K, capacity 50780K, committed 51020K, reserved 1093632K
  class space    used 6418K, capacity 6893K, committed 6988K, reserved 1048576K
}
Event: 12.771 GC heap before
{Heap before GC invocations=13 (full 0):
 garbage-first heap   total 236544K, used 172246K [0x0000000080000000, 0x0000000100000000)
  region size 1024K, 124 young (126976K), 5 survivors (5120K)
 Metaspace       used 49487K, capacity 50780K, committed 51020K, reserved 1093632K
  class space    used 6418K, capacity 6893K, committed 6988K, reserved 1048576K
}
Event: 12.778 GC heap after
{Heap after GC invocations=14 (full 0):
 garbage-first heap   total 236544K, used 51953K [0x0000000080000000, 0x0000000100000000)
  region size 1024K, 7 young (7168K), 7 survivors (7168K)
 Metaspace       used 49487K, capacity 50780K, committed 51020K, reserved 1093632K
  class space    used 6418K, capacity 6893K, committed 6988K, reserved 1048576K
}
Event: 13.642 GC heap before
{Heap before GC invocations=14 (full 0):
 garbage-first heap   total 236544K, used 184049K [0x0000000080000000, 0x0000000100000000)
  region size 1024K, 132 young (135168K), 7 survivors (7168K)
 Metaspace       used 49711K, capacity 50955K, committed 51276K, reserved 1093632K
  class space    used 6431K, capacity 6904K, committed 6988K, reserved 1048576K
}
Event: 13.650 GC heap after
{Heap after GC invocations=15 (full 0):
 garbage-first heap   total 236544K, used 49266K [0x0000000080000000, 0x0000000100000000)
  region size 1024K, 4 young (4096K), 4 survivors (4096K)
 Metaspace       used 49711K, capacity 50955K, committed 51276K, reserved 1093632K
  class space    used 6431K, capacity 6904K, committed 6988K, reserved 1048576K
}

Deoptimization events (20 events):
Event: 13.700 Thread 0x00000269e3e07000 DEOPT PACKING pc=0x00000269cba60f28 sp=0x000000d3631f71d0
Event: 13.700 Thread 0x00000269e3e07000 DEOPT UNPACKING pc=0x00000269cae2a95e sp=0x000000d3631f6670 mode 0
Event: 13.716 Thread 0x00000269e3e07000 DEOPT PACKING pc=0x00000269cba60f28 sp=0x000000d3631f7050
Event: 13.716 Thread 0x00000269e3e07000 DEOPT UNPACKING pc=0x00000269cae2a95e sp=0x000000d3631f64f0 mode 0
Event: 13.734 Thread 0x00000269e3e07000 DEOPT PACKING pc=0x00000269cbbda9f7 sp=0x000000d3631f67a0
Event: 13.734 Thread 0x00000269e3e07000 DEOPT UNPACKING pc=0x00000269cae2a95e sp=0x000000d3631f5c88 mode 0
Event: 13.745 Thread 0x00000269e3e07000 Uncommon trap: trap_request=0xffffffde fr.pc=0x00000269d2b7069c relative=0x00000000000003fc
Event: 13.745 Thread 0x00000269e3e07000 Uncommon trap: reason=class_check action=maybe_recompile pc=0x00000269d2b7069c method=groovyjarjarantlr4.v4.runtime.atn.ATNConfig.equals(Lgroovyjarjarantlr4/v4/runtime/atn/ATNConfig;)Z @ 74 c2
Event: 13.745 Thread 0x00000269e3e07000 DEOPT PACKING pc=0x00000269d2b7069c sp=0x000000d3631f6f70
Event: 13.745 Thread 0x00000269e3e07000 DEOPT UNPACKING pc=0x00000269cae2a1af sp=0x000000d3631f6eb0 mode 2
Event: 13.751 Thread 0x00000269e3e07000 DEOPT PACKING pc=0x00000269cba60f28 sp=0x000000d3631f6ff0
Event: 13.751 Thread 0x00000269e3e07000 DEOPT UNPACKING pc=0x00000269cae2a95e sp=0x000000d3631f6490 mode 0
Event: 13.773 Thread 0x00000269e3e07000 DEOPT PACKING pc=0x00000269cba60f28 sp=0x000000d3631f6e70
Event: 13.773 Thread 0x00000269e3e07000 DEOPT UNPACKING pc=0x00000269cae2a95e sp=0x000000d3631f6310 mode 0
Event: 13.781 Thread 0x00000269e3e07000 DEOPT PACKING pc=0x00000269cba60f28 sp=0x000000d3631f6750
Event: 13.781 Thread 0x00000269e3e07000 DEOPT UNPACKING pc=0x00000269cae2a95e sp=0x000000d3631f5bf0 mode 0
Event: 13.788 Thread 0x00000269e3e07000 DEOPT PACKING pc=0x00000269cba60f28 sp=0x000000d3631f65a0
Event: 13.788 Thread 0x00000269e3e07000 DEOPT UNPACKING pc=0x00000269cae2a95e sp=0x000000d3631f5a40 mode 0
Event: 13.799 Thread 0x00000269e3e07000 DEOPT PACKING pc=0x00000269cba60f28 sp=0x000000d3631f67b0
Event: 13.799 Thread 0x00000269e3e07000 DEOPT UNPACKING pc=0x00000269cae2a95e sp=0x000000d3631f5c50 mode 0

Classes redefined (0 events):
No events

Internal exceptions (20 events):
Event: 10.271 Thread 0x00000269e3e07000 Exception <a 'java/lang/ClassNotFoundException'{0x000000008bc482b8}: org/apache/groovy/parser/antlr4/util/StringUtils$3Customizer> (0x000000008bc482b8) thrown at [./src/hotspot/share/classfile/systemDictionary.cpp, line 231]
Event: 10.369 Thread 0x00000269e440f800 Exception <a 'sun/nio/fs/WindowsException'{0x000000008bbda6a8}> (0x000000008bbda6a8) thrown at [./src/hotspot/share/prims/jni.cpp, line 615]
Event: 10.429 Thread 0x00000269e440f800 Exception <a 'sun/nio/fs/WindowsException'{0x000000008b943848}> (0x000000008b943848) thrown at [./src/hotspot/share/prims/jni.cpp, line 615]
Event: 10.430 Thread 0x00000269e440f800 Exception <a 'sun/nio/fs/WindowsException'{0x000000008b943a70}> (0x000000008b943a70) thrown at [./src/hotspot/share/prims/jni.cpp, line 615]
Event: 10.440 Thread 0x00000269e3e07000 Exception <a 'java/lang/ClassNotFoundException'{0x000000008b9cb278}: sync_studio_tooling8_crh4uq461k3cpw9uhpl4px975BeanInfo> (0x000000008b9cb278) thrown at [./src/hotspot/share/classfile/systemDictionary.cpp, line 231]
Event: 10.441 Thread 0x00000269e3e07000 Exception <a 'java/lang/ClassNotFoundException'{0x000000008b9d8208}: sync_studio_tooling8_crh4uq461k3cpw9uhpl4px975Customizer> (0x000000008b9d8208) thrown at [./src/hotspot/share/classfile/systemDictionary.cpp, line 231]
Event: 10.450 Thread 0x00000269e3e07000 Exception <a 'java/lang/ClassNotFoundException'{0x000000008b852da0}: org/gradle/internal/metaobject/ConfigureDelegateBeanInfo> (0x000000008b852da0) thrown at [./src/hotspot/share/classfile/systemDictionary.cpp, line 231]
Event: 10.451 Thread 0x00000269e3e07000 Exception <a 'java/lang/ClassNotFoundException'{0x000000008b8792a0}: org/gradle/internal/metaobject/ConfigureDelegateCustomizer> (0x000000008b8792a0) thrown at [./src/hotspot/share/classfile/systemDictionary.cpp, line 231]
Event: 10.461 Thread 0x00000269e3e07000 Exception <a 'java/lang/ClassNotFoundException'{0x000000008b8fbc98}: org/gradle/api/internal/initialization/DefaultScriptHandlerBeanInfo> (0x000000008b8fbc98) thrown at [./src/hotspot/share/classfile/systemDictionary.cpp, line 231]
Event: 10.461 Thread 0x00000269e3e07000 Exception <a 'java/lang/ClassNotFoundException'{0x000000008b7260a8}: org/gradle/api/internal/initialization/DefaultScriptHandlerCustomizer> (0x000000008b7260a8) thrown at [./src/hotspot/share/classfile/systemDictionary.cpp, line 231]
Event: 10.633 Thread 0x00000269e3e07000 Exception <a 'java/lang/ClassNotFoundException'{0x000000008ae1b678}: org/gradle/api/internal/artifacts/dsl/dependencies/DefaultDependencyHandler_DecoratedBeanInfo> (0x000000008ae1b678) thrown at [./src/hotspot/share/classfile/systemDictionary.cpp, line 231]
Event: 10.635 Thread 0x00000269e3e07000 Exception <a 'java/lang/ClassNotFoundException'{0x000000008ae59da0}: org/gradle/api/internal/artifacts/dsl/dependencies/DefaultDependencyHandlerBeanInfo> (0x000000008ae59da0) thrown at [./src/hotspot/share/classfile/systemDictionary.cpp, line 231]
Event: 10.637 Thread 0x00000269e3e07000 Exception <a 'java/lang/ClassNotFoundException'{0x000000008ae988c8}: org/gradle/api/internal/artifacts/dsl/dependencies/DefaultDependencyHandlerCustomizer> (0x000000008ae988c8) thrown at [./src/hotspot/share/classfile/systemDictionary.cpp, line 231]
Event: 10.640 Thread 0x00000269e3e07000 Exception <a 'java/lang/ClassNotFoundException'{0x000000008aefe420}: org/gradle/api/internal/artifacts/dsl/dependencies/DefaultDependencyHandler_DecoratedCustomizer> (0x000000008aefe420) thrown at [./src/hotspot/share/classfile/systemDictionary.cpp, line 231]
Event: 10.871 Thread 0x00000269e3e07000 Exception <a 'java/lang/NoSuchMethodError'{0x000000008a209538}: 'int java.lang.invoke.DirectMethodHandle$Holder.invokeInterface(java.lang.Object, java.lang.Object)'> (0x000000008a209538) thrown at [./src/hotspot/share/interpreter/linkResolver.cpp, line 773]
Event: 10.871 Thread 0x00000269e3e07000 Exception <a 'java/lang/IncompatibleClassChangeError'{0x000000008a20d018}: Found class java.lang.Object, but interface was expected> (0x000000008a20d018) thrown at [./src/hotspot/share/interpreter/linkResolver.cpp, line 839]
Event: 10.984 Thread 0x00000269e3e07000 Exception <a 'java/lang/NoSuchMethodError'{0x0000000089b45d68}: 'java.lang.Object java.lang.invoke.Invokers$Holder.linkToTargetMethod(java.lang.Object, int, java.lang.Object)'> (0x0000000089b45d68) thrown at [./src/hotspot/share/interpreter/linkResolver.cpp, line 773]
Event: 11.016 Thread 0x00000269e3e07000 Exception <a 'java/lang/NoSuchMethodError'{0x00000000899a8d88}: 'int java.lang.invoke.DirectMethodHandle$Holder.invokeStaticInit(java.lang.Object)'> (0x00000000899a8d88) thrown at [./src/hotspot/share/interpreter/linkResolver.cpp, line 773]
Event: 13.197 Thread 0x00000269e3e07000 Exception <a 'java/lang/ClassNotFoundException'{0x00000000897c06a0}: sync_studio_tooling8_crh4uq461k3cpw9uhpl4px975BeanInfo> (0x00000000897c06a0) thrown at [./src/hotspot/share/classfile/systemDictionary.cpp, line 231]
Event: 13.198 Thread 0x00000269e3e07000 Exception <a 'java/lang/ClassNotFoundException'{0x00000000897cd5d0}: sync_studio_tooling8_crh4uq461k3cpw9uhpl4px975Customizer> (0x00000000897cd5d0) thrown at [./src/hotspot/share/classfile/systemDictionary.cpp, line 231]

Events (20 events):
Event: 13.196 loading class sync_studio_tooling8_crh4uq461k3cpw9uhpl4px975BeanInfo
Event: 13.196 loading class sync_studio_tooling8_crh4uq461k3cpw9uhpl4px975BeanInfo done
Event: 13.197 loading class sync_studio_tooling8_crh4uq461k3cpw9uhpl4px975BeanInfo
Event: 13.197 loading class sync_studio_tooling8_crh4uq461k3cpw9uhpl4px975BeanInfo done
Event: 13.198 loading class sync_studio_tooling8_crh4uq461k3cpw9uhpl4px975Customizer
Event: 13.198 loading class sync_studio_tooling8_crh4uq461k3cpw9uhpl4px975Customizer done
Event: 13.198 loading class sync_studio_tooling8_crh4uq461k3cpw9uhpl4px975Customizer
Event: 13.198 loading class sync_studio_tooling8_crh4uq461k3cpw9uhpl4px975Customizer done
Event: 13.210 loading class groovy/runtime/metaclass/sync_studio_tooling8_crh4uq461k3cpw9uhpl4px975$_run_closure1MetaClass
Event: 13.210 loading class groovy/runtime/metaclass/sync_studio_tooling8_crh4uq461k3cpw9uhpl4px975$_run_closure1MetaClass done
Event: 13.212 loading class org/gradle/invocation/DefaultGradle$2
Event: 13.212 loading class org/gradle/invocation/DefaultGradle$2 done
Event: 13.215 loading class org/gradle/configuration/internal/DefaultUserCodeApplicationContext$CurrentApplication$1
Event: 13.215 loading class org/gradle/configuration/internal/DefaultUserCodeApplicationContext$CurrentApplication$1 done
Event: 13.215 loading class org/gradle/configuration/internal/DefaultListenerBuildOperationDecorator$BuildOperationEmittingAction
Event: 13.215 loading class org/gradle/configuration/internal/DefaultListenerBuildOperationDecorator$BuildOperationEmittingAction done
Event: 13.263 Executing VM operation: ICBufferFull
Event: 13.263 Executing VM operation: ICBufferFull done
Event: 13.642 Executing VM operation: G1CollectForAllocation
Event: 13.650 Executing VM operation: G1CollectForAllocation done


Dynamic libraries:
0x00007ff72c8e0000 - 0x00007ff72c8ea000 	C:\Program Files\Android\Android Studio\jre\bin\java.exe
0x00007ffc92890000 - 0x00007ffc92a85000 	C:\WINDOWS\SYSTEM32\ntdll.dll
0x00007ffc911b0000 - 0x00007ffc9126d000 	C:\WINDOWS\System32\KERNEL32.DLL
0x00007ffc90170000 - 0x00007ffc9043d000 	C:\WINDOWS\System32\KERNELBASE.dll
0x00007ffc7f380000 - 0x00007ffc7f399000 	C:\Program Files\Android\Android Studio\jre\bin\jli.dll
0x00007ffc907e0000 - 0x00007ffc908e0000 	C:\WINDOWS\System32\ucrtbase.dll
0x00007ffc7f250000 - 0x00007ffc7f267000 	C:\Program Files\Android\Android Studio\jre\bin\VCRUNTIME140.dll
0x00007ffc923f0000 - 0x00007ffc92590000 	C:\WINDOWS\System32\USER32.dll
0x00007ffc900f0000 - 0x00007ffc90112000 	C:\WINDOWS\System32\win32u.dll
0x00007ffc79af0000 - 0x00007ffc79d8a000 	C:\WINDOWS\WinSxS\amd64_microsoft.windows.common-controls_6595b64144ccf1df_6.0.19041.1110_none_60b5254171f9507e\COMCTL32.dll
0x00007ffc90aa0000 - 0x00007ffc90aca000 	C:\WINDOWS\System32\GDI32.dll
0x00007ffc91ba0000 - 0x00007ffc91c3e000 	C:\WINDOWS\System32\msvcrt.dll
0x00007ffc904d0000 - 0x00007ffc905db000 	C:\WINDOWS\System32\gdi32full.dll
0x00007ffc90050000 - 0x00007ffc900ed000 	C:\WINDOWS\System32\msvcp_win.dll
0x00007ffc91180000 - 0x00007ffc911b0000 	C:\WINDOWS\System32\IMM32.DLL
0x00007ffc58e20000 - 0x00007ffc58ebd000 	C:\Program Files\Android\Android Studio\jre\bin\msvcp140.dll
0x00007ffc47570000 - 0x00007ffc48055000 	C:\Program Files\Android\Android Studio\jre\bin\server\jvm.dll
0x00007ffc90ad0000 - 0x00007ffc90b7e000 	C:\WINDOWS\System32\ADVAPI32.dll
0x00007ffc90c60000 - 0x00007ffc90cfc000 	C:\WINDOWS\System32\sechost.dll
0x00007ffc91ee0000 - 0x00007ffc92005000 	C:\WINDOWS\System32\RPCRT4.dll
0x00007ffc91b30000 - 0x00007ffc91b38000 	C:\WINDOWS\System32\PSAPI.DLL
0x00007ffc76bd0000 - 0x00007ffc76bd9000 	C:\WINDOWS\SYSTEM32\WSOCK32.dll
0x00007ffc7e190000 - 0x00007ffc7e1b7000 	C:\WINDOWS\SYSTEM32\WINMM.dll
0x00007ffc91c40000 - 0x00007ffc91cab000 	C:\WINDOWS\System32\WS2_32.dll
0x00007ffc89d90000 - 0x00007ffc89d9a000 	C:\WINDOWS\SYSTEM32\VERSION.dll
0x00007ffc8dea0000 - 0x00007ffc8deb2000 	C:\WINDOWS\SYSTEM32\kernel.appcore.dll
0x00007ffc8b1e0000 - 0x00007ffc8b1f1000 	C:\Program Files\Android\Android Studio\jre\bin\verify.dll
0x00007ffc8d7a0000 - 0x00007ffc8d984000 	C:\WINDOWS\SYSTEM32\DBGHELP.DLL
0x00007ffc76b80000 - 0x00007ffc76bac000 	C:\WINDOWS\SYSTEM32\dbgcore.DLL
0x00007ffc90440000 - 0x00007ffc904c2000 	C:\WINDOWS\System32\bcryptPrimitives.dll
0x00007ffc894a0000 - 0x00007ffc894c9000 	C:\Program Files\Android\Android Studio\jre\bin\java.dll
0x00007ffc8b1d0000 - 0x00007ffc8b1db000 	C:\Program Files\Android\Android Studio\jre\bin\jimage.dll
0x00007ffc8ad80000 - 0x00007ffc8ad98000 	C:\Program Files\Android\Android Studio\jre\bin\zip.dll
0x00007ffc91330000 - 0x00007ffc91a74000 	C:\WINDOWS\System32\SHELL32.dll
0x00007ffc8e0a0000 - 0x00007ffc8e834000 	C:\WINDOWS\SYSTEM32\windows.storage.dll
0x00007ffc92070000 - 0x00007ffc923c4000 	C:\WINDOWS\System32\combase.dll
0x00007ffc8fa00000 - 0x00007ffc8fa2c000 	C:\WINDOWS\SYSTEM32\Wldp.dll
0x00007ffc91280000 - 0x00007ffc9132d000 	C:\WINDOWS\System32\SHCORE.dll
0x00007ffc92010000 - 0x00007ffc92065000 	C:\WINDOWS\System32\shlwapi.dll
0x00007ffc8fee0000 - 0x00007ffc8feff000 	C:\WINDOWS\SYSTEM32\profapi.dll
0x00007ffc89480000 - 0x00007ffc8949a000 	C:\Program Files\Android\Android Studio\jre\bin\net.dll
0x00007ffc80410000 - 0x00007ffc8051a000 	C:\WINDOWS\SYSTEM32\WINHTTP.dll
0x00007ffc8f760000 - 0x00007ffc8f7ca000 	C:\WINDOWS\system32\mswsock.dll
0x00007ffc80aa0000 - 0x00007ffc80ab4000 	C:\Program Files\Android\Android Studio\jre\bin\nio.dll
0x00007ffc7efe0000 - 0x00007ffc7f007000 	C:\Users\Aiman Haikal\.gradle\native\e1d6ef7f7dcc3fd88c89a11ec53ec762bb8ba0a96d01ffa2cd45eb1d1d8dd5c5\windows-amd64\native-platform.dll
0x00007ffc4f3d0000 - 0x00007ffc4f514000 	C:\Users\Aiman Haikal\.gradle\native\5664cfc778a61ccfe75a443a1ab52a65af34e5dc3c78e0209fed803814484fcb\windows-amd64\native-platform-file-events.dll
0x00007ffc8b1a0000 - 0x00007ffc8b1aa000 	C:\Program Files\Android\Android Studio\jre\bin\management.dll
0x00007ffc8aa50000 - 0x00007ffc8aa5d000 	C:\Program Files\Android\Android Studio\jre\bin\management_ext.dll
0x00007ffc8f960000 - 0x00007ffc8f978000 	C:\WINDOWS\SYSTEM32\CRYPTSP.dll
0x00007ffc8f070000 - 0x00007ffc8f0a4000 	C:\WINDOWS\system32\rsaenh.dll
0x00007ffc907b0000 - 0x00007ffc907d7000 	C:\WINDOWS\System32\bcrypt.dll
0x00007ffc8fea0000 - 0x00007ffc8fece000 	C:\WINDOWS\SYSTEM32\USERENV.dll
0x00007ffc8f950000 - 0x00007ffc8f95c000 	C:\WINDOWS\SYSTEM32\CRYPTBASE.dll
0x00007ffc8f400000 - 0x00007ffc8f43b000 	C:\WINDOWS\SYSTEM32\IPHLPAPI.DLL
0x00007ffc927e0000 - 0x00007ffc927e8000 	C:\WINDOWS\System32\NSI.dll
0x00007ffc86170000 - 0x00007ffc86187000 	C:\WINDOWS\SYSTEM32\dhcpcsvc6.DLL
0x00007ffc870c0000 - 0x00007ffc870dd000 	C:\WINDOWS\SYSTEM32\dhcpcsvc.DLL
0x00007ffc8f440000 - 0x00007ffc8f50b000 	C:\WINDOWS\SYSTEM32\DNSAPI.dll

dbghelp: loaded successfully - version: 4.0.5 - missing functions: none
symbol engine: initialized successfully - sym options: 0x614 - pdb path: .;C:\Program Files\Android\Android Studio\jre\bin;C:\WINDOWS\SYSTEM32;C:\WINDOWS\WinSxS\amd64_microsoft.windows.common-controls_6595b64144ccf1df_6.0.19041.1110_none_60b5254171f9507e;C:\Program Files\Android\Android Studio\jre\bin\server;C:\Users\Aiman Haikal\.gradle\native\e1d6ef7f7dcc3fd88c89a11ec53ec762bb8ba0a96d01ffa2cd45eb1d1d8dd5c5\windows-amd64;C:\Users\Aiman Haikal\.gradle\native\5664cfc778a61ccfe75a443a1ab52a65af34e5dc3c78e0209fed803814484fcb\windows-amd64

VM Arguments:
jvm_args: --add-opens=java.base/java.util=ALL-UNNAMED --add-opens=java.base/java.lang=ALL-UNNAMED --add-opens=java.base/java.lang.invoke=ALL-UNNAMED --add-opens=java.base/java.util=ALL-UNNAMED --add-opens=java.prefs/java.util.prefs=ALL-UNNAMED --add-opens=java.prefs/java.util.prefs=ALL-UNNAMED --add-opens=java.base/java.nio.charset=ALL-UNNAMED --add-opens=java.base/java.net=ALL-UNNAMED --add-opens=java.base/java.util.concurrent.atomic=ALL-UNNAMED -Xmx2048m -Dfile.encoding=UTF-8 -Duser.country=MY -Duser.language=en -Duser.variant 
java_command: org.gradle.launcher.daemon.bootstrap.GradleDaemon 7.3.3
java_class_path (initial): C:\Users\Aiman Haikal\.gradle\wrapper\dists\gradle-7.3.3-bin\6a41zxkdtcxs8rphpq6y0069z\gradle-7.3.3\lib\gradle-launcher-7.3.3.jar
Launcher Type: SUN_STANDARD

[Global flags]
     intx CICompilerCount                          = 3                                         {product} {ergonomic}
     uint ConcGCThreads                            = 1                                         {product} {ergonomic}
     uint G1ConcRefinementThreads                  = 4                                         {product} {ergonomic}
   size_t G1HeapRegionSize                         = 1048576                                   {product} {ergonomic}
    uintx GCDrainStackTargetSize                   = 64                                        {product} {ergonomic}
   size_t InitialHeapSize                          = 201326592                                 {product} {ergonomic}
   size_t MarkStackSize                            = 4194304                                   {product} {ergonomic}
   size_t MaxHeapSize                              = 2147483648                                {product} {command line}
   size_t MaxNewSize                               = 1287651328                                {product} {ergonomic}
   size_t MinHeapDeltaBytes                        = 1048576                                   {product} {ergonomic}
    uintx NonNMethodCodeHeapSize                   = 5830732                                {pd product} {ergonomic}
    uintx NonProfiledCodeHeapSize                  = 122913754                              {pd product} {ergonomic}
    uintx ProfiledCodeHeapSize                     = 122913754                              {pd product} {ergonomic}
    uintx ReservedCodeCacheSize                    = 251658240                              {pd product} {ergonomic}
     bool SegmentedCodeCache                       = true                                      {product} {ergonomic}
     bool UseCompressedClassPointers               = true                                 {lp64_product} {ergonomic}
     bool UseCompressedOops                        = true                                 {lp64_product} {ergonomic}
     bool UseG1GC                                  = true                                      {product} {ergonomic}
     bool UseLargePagesIndividualAllocation        = false                                  {pd product} {ergonomic}

Logging:
Log output configuration:
 #0: stdout all=warning uptime,level,tags
 #1: stderr all=off uptime,level,tags

Environment Variables:
JAVA_HOME=C:\Program Files\Java\jdk-16.0.1
PATH=C:\oraclexe\app\oracle\product\11.2.0\server\bin;;C:\Program Files\Common Files\Oracle\Java\javapath;C:\WINDOWS\system32;C:\WINDOWS;C:\WINDOWS\System32\Wbem;C:\WINDOWS\System32\WindowsPowerShell\v1.0\;C:\WINDOWS\System32\OpenSSH\;C:\Program Files\NVIDIA Corporation\NVIDIA NvDLISR;C:\Program Files\Java\jdk-16.0.1\bin;C:\apache-tomcat-9.0.50\bin;C:\Program Files\dotnet\;C:\Program Files (x86)\NVIDIA Corporation\PhysX\Common;C:\Program Files\nodejs\;C:\Users\Aiman Haikal\AppData\Local\Microsoft\WindowsApps;;C:\Users\Aiman Haikal\AppData\Local\Programs\Microsoft VS Code\bin;C:\Users\Aiman Haikal\AppData\Roaming\npm
USERNAME=Aiman Haikal
OS=Windows_NT
PROCESSOR_IDENTIFIER=Intel64 Family 6 Model 142 Stepping 9, GenuineIntel



---------------  S Y S T E M  ---------------

OS: Windows 10 , 64 bit Build 19041 (10.0.19041.1682)
OS uptime: 9 days 2:30 hours

CPU:total 4 (initial active 4) (2 cores per cpu, 2 threads per core) family 6 model 142 stepping 9 microcode 0xde, cmov, cx8, fxsr, mmx, sse, sse2, sse3, ssse3, sse4.1, sse4.2, popcnt, avx, avx2, aes, clmul, erms, 3dnowpref, lzcnt, ht, tsc, tscinvbit, bmi1, bmi2, adx, fma

Memory: 4k page, system-wide physical 12199M (3308M free)
TotalPageFile size 49063M (AvailPageFile size 5M)
current process WorkingSet (physical memory assigned to process): 387M, peak: 387M
current process commit charge ("private bytes"): 437M, peak: 439M

vm_info: OpenJDK 64-Bit Server VM (11.0.12+7-b1504.28-7817840) for windows-amd64 JRE (11.0.12+7-b1504.28-7817840), built on Oct 13 2021 22:12:33 by "builder" with MS VC++ 14.0 (VS2015)

END.
